{"/home/travis/build/npmtest/node-npmtest-nools/test.js":{"path":"/home/travis/build/npmtest/node-npmtest-nools/test.js","s":{"1":2,"2":2,"3":2,"4":2,"5":2,"6":2,"7":2,"8":1,"9":2,"10":2,"11":1,"12":1,"13":1,"14":1,"15":2,"16":2,"17":2,"18":2,"19":1,"20":1,"21":2,"22":2,"23":2,"24":1,"25":1,"26":1,"27":1,"28":1,"29":1,"30":1,"31":1,"32":1,"33":1,"34":1,"35":1,"36":1,"37":2,"38":2,"39":1,"40":2,"41":2,"42":1,"43":2,"44":2,"45":1,"46":2,"47":2,"48":1,"49":1,"50":1,"51":1,"52":1},"b":{"1":[2,1,1,1],"2":[1,1,1,1],"3":[1,1],"4":[1,1],"5":[1,1],"6":[1,1],"7":[1,1],"8":[1,1],"9":[1,1,1],"10":[1,1],"11":[1,1],"12":[1,1],"13":[1,1],"14":[1,1],"15":[1,1],"16":[1,1]},"f":{"1":2,"2":2,"3":2,"4":2,"5":2,"6":1,"7":1,"8":2,"9":2,"10":2,"11":2,"12":1},"fnMap":{"1":{"name":"(anonymous_1)","line":12,"loc":{"start":{"line":12,"column":1},"end":{"line":12,"column":13}}},"2":{"name":"(anonymous_2)","line":19,"loc":{"start":{"line":19,"column":5},"end":{"line":19,"column":17}}},"3":{"name":"(anonymous_3)","line":23,"loc":{"start":{"line":23,"column":24},"end":{"line":23,"column":36}}},"4":{"name":"(anonymous_4)","line":61,"loc":{"start":{"line":61,"column":5},"end":{"line":61,"column":17}}},"5":{"name":"(anonymous_5)","line":82,"loc":{"start":{"line":82,"column":5},"end":{"line":82,"column":17}}},"6":{"name":"(anonymous_6)","line":102,"loc":{"start":{"line":102,"column":83},"end":{"line":105,"column":10}},"skip":true},"7":{"name":"(anonymous_7)","line":113,"loc":{"start":{"line":113,"column":77},"end":{"line":116,"column":10}},"skip":true},"8":{"name":"(anonymous_8)","line":129,"loc":{"start":{"line":129,"column":12},"end":{"line":129,"column":40}},"skip":true},"9":{"name":"(anonymous_9)","line":137,"loc":{"start":{"line":137,"column":77},"end":{"line":140,"column":10}},"skip":true},"10":{"name":"(anonymous_10)","line":148,"loc":{"start":{"line":148,"column":83},"end":{"line":151,"column":10}},"skip":true},"11":{"name":"(anonymous_11)","line":159,"loc":{"start":{"line":159,"column":79},"end":{"line":162,"column":10}},"skip":true},"12":{"name":"(anonymous_12)","line":170,"loc":{"start":{"line":170,"column":75},"end":{"line":173,"column":10}},"skip":true}},"statementMap":{"1":{"start":{"line":12,"column":0},"end":{"line":185,"column":5}},"2":{"start":{"line":14,"column":4},"end":{"line":14,"column":14}},"3":{"start":{"line":19,"column":4},"end":{"line":56,"column":9}},"4":{"start":{"line":21,"column":8},"end":{"line":21,"column":19}},"5":{"start":{"line":23,"column":8},"end":{"line":35,"column":13}},"6":{"start":{"line":24,"column":12},"end":{"line":34,"column":13}},"7":{"start":{"line":25,"column":16},"end":{"line":28,"column":30}},"8":{"start":{"line":30,"column":16},"end":{"line":33,"column":27}},"9":{"start":{"line":37,"column":8},"end":{"line":39,"column":21}},"10":{"start":{"line":40,"column":8},"end":{"line":53,"column":9}},"11":{"start":{"line":43,"column":12},"end":{"line":46,"column":14}},"12":{"start":{"line":47,"column":12},"end":{"line":47,"column":18}},"13":{"start":{"line":50,"column":12},"end":{"line":51,"column":46}},"14":{"start":{"line":52,"column":12},"end":{"line":52,"column":18}},"15":{"start":{"line":55,"column":8},"end":{"line":55,"column":35}},"16":{"start":{"line":61,"column":4},"end":{"line":63,"column":9}},"17":{"start":{"line":62,"column":8},"end":{"line":62,"column":15}},"18":{"start":{"line":64,"column":4},"end":{"line":77,"column":5}},"19":{"start":{"line":70,"column":8},"end":{"line":70,"column":14}},"20":{"start":{"line":76,"column":8},"end":{"line":76,"column":14}},"21":{"start":{"line":82,"column":4},"end":{"line":84,"column":9}},"22":{"start":{"line":83,"column":8},"end":{"line":83,"column":15}},"23":{"start":{"line":85,"column":4},"end":{"line":184,"column":5}},"24":{"start":{"line":92,"column":8},"end":{"line":94,"column":63}},"25":{"start":{"line":95,"column":8},"end":{"line":95,"column":14}},"26":{"start":{"line":102,"column":8},"end":{"line":111,"column":10},"skip":true},"27":{"start":{"line":109,"column":12},"end":{"line":109,"column":55},"skip":true},"28":{"start":{"line":110,"column":12},"end":{"line":110,"column":48},"skip":true},"29":{"start":{"line":113,"column":8},"end":{"line":126,"column":10},"skip":true},"30":{"start":{"line":120,"column":12},"end":{"line":120,"column":76},"skip":true},"31":{"start":{"line":121,"column":12},"end":{"line":121,"column":73},"skip":true},"32":{"start":{"line":122,"column":12},"end":{"line":122,"column":74},"skip":true},"33":{"start":{"line":123,"column":12},"end":{"line":123,"column":79},"skip":true},"34":{"start":{"line":124,"column":12},"end":{"line":124,"column":25},"skip":true},"35":{"start":{"line":125,"column":12},"end":{"line":125,"column":45},"skip":true},"36":{"start":{"line":128,"column":8},"end":{"line":135,"column":14},"skip":true},"37":{"start":{"line":133,"column":16},"end":{"line":133,"column":29},"skip":true},"38":{"start":{"line":134,"column":16},"end":{"line":134,"column":55},"skip":true},"39":{"start":{"line":137,"column":8},"end":{"line":146,"column":10},"skip":true},"40":{"start":{"line":144,"column":12},"end":{"line":144,"column":25},"skip":true},"41":{"start":{"line":145,"column":12},"end":{"line":145,"column":45},"skip":true},"42":{"start":{"line":148,"column":8},"end":{"line":157,"column":10},"skip":true},"43":{"start":{"line":155,"column":12},"end":{"line":155,"column":25},"skip":true},"44":{"start":{"line":156,"column":12},"end":{"line":156,"column":48},"skip":true},"45":{"start":{"line":159,"column":8},"end":{"line":168,"column":10},"skip":true},"46":{"start":{"line":166,"column":12},"end":{"line":166,"column":25},"skip":true},"47":{"start":{"line":167,"column":12},"end":{"line":167,"column":46},"skip":true},"48":{"start":{"line":170,"column":8},"end":{"line":179,"column":10},"skip":true},"49":{"start":{"line":177,"column":12},"end":{"line":177,"column":94},"skip":true},"50":{"start":{"line":178,"column":12},"end":{"line":178,"column":48},"skip":true},"51":{"start":{"line":182,"column":8},"end":{"line":182,"column":35},"skip":true},"52":{"start":{"line":183,"column":8},"end":{"line":183,"column":14},"skip":true}},"branchMap":{"1":{"line":25,"type":"binary-expr","locations":[{"start":{"line":25,"column":23},"end":{"line":25,"column":62}},{"start":{"line":26,"column":20},"end":{"line":26,"column":70}},{"start":{"line":27,"column":20},"end":{"line":27,"column":71}},{"start":{"line":28,"column":20},"end":{"line":28,"column":29}}]},"2":{"line":30,"type":"binary-expr","locations":[{"start":{"line":30,"column":23},"end":{"line":30,"column":37}},{"start":{"line":31,"column":20},"end":{"line":31,"column":61}},{"start":{"line":32,"column":20},"end":{"line":32,"column":70}},{"start":{"line":33,"column":20},"end":{"line":33,"column":26}}]},"3":{"line":37,"type":"cond-expr","locations":[{"start":{"line":38,"column":14},"end":{"line":38,"column":20}},{"start":{"line":39,"column":14},"end":{"line":39,"column":20}}]},"4":{"line":40,"type":"switch","locations":[{"start":{"line":42,"column":8},"end":{"line":47,"column":18}},{"start":{"line":49,"column":8},"end":{"line":52,"column":18}}]},"5":{"line":44,"type":"binary-expr","locations":[{"start":{"line":44,"column":16},"end":{"line":44,"column":44}},{"start":{"line":44,"column":48},"end":{"line":44,"column":66}}]},"6":{"line":50,"type":"binary-expr","locations":[{"start":{"line":50,"column":21},"end":{"line":50,"column":49}},{"start":{"line":50,"column":53},"end":{"line":50,"column":72}}]},"7":{"line":64,"type":"switch","locations":[{"start":{"line":69,"column":4},"end":{"line":70,"column":14}},{"start":{"line":75,"column":4},"end":{"line":76,"column":14}}]},"8":{"line":85,"type":"switch","locations":[{"start":{"line":90,"column":4},"end":{"line":95,"column":14}},{"start":{"line":101,"column":4},"end":{"line":183,"column":14},"skip":true}]},"9":{"line":92,"type":"binary-expr","locations":[{"start":{"line":92,"column":18},"end":{"line":92,"column":32}},{"start":{"line":93,"column":12},"end":{"line":93,"column":53}},{"start":{"line":94,"column":12},"end":{"line":94,"column":61}}]},"10":{"line":102,"type":"binary-expr","locations":[{"start":{"line":102,"column":45},"end":{"line":102,"column":79},"skip":true},{"start":{"line":102,"column":83},"end":{"line":111,"column":9},"skip":true}]},"11":{"line":113,"type":"binary-expr","locations":[{"start":{"line":113,"column":42},"end":{"line":113,"column":73},"skip":true},{"start":{"line":113,"column":77},"end":{"line":126,"column":9},"skip":true}]},"12":{"line":128,"type":"binary-expr","locations":[{"start":{"line":128,"column":48},"end":{"line":128,"column":85},"skip":true},{"start":{"line":129,"column":12},"end":{"line":135,"column":13},"skip":true}]},"13":{"line":137,"type":"binary-expr","locations":[{"start":{"line":137,"column":42},"end":{"line":137,"column":73},"skip":true},{"start":{"line":137,"column":77},"end":{"line":146,"column":9},"skip":true}]},"14":{"line":148,"type":"binary-expr","locations":[{"start":{"line":148,"column":45},"end":{"line":148,"column":79},"skip":true},{"start":{"line":148,"column":83},"end":{"line":157,"column":9},"skip":true}]},"15":{"line":159,"type":"binary-expr","locations":[{"start":{"line":159,"column":43},"end":{"line":159,"column":75},"skip":true},{"start":{"line":159,"column":79},"end":{"line":168,"column":9},"skip":true}]},"16":{"line":170,"type":"binary-expr","locations":[{"start":{"line":170,"column":41},"end":{"line":170,"column":71},"skip":true},{"start":{"line":170,"column":75},"end":{"line":179,"column":9},"skip":true}]}},"code":["/* istanbul instrument in package npmtest_nools */","/*jslint","    bitwise: true,","    browser: true,","    maxerr: 8,","    maxlen: 96,","    node: true,","    nomen: true,","    regexp: true,","    stupid: true","*/","(function () {","    'use strict';","    var local;","","","","    // run shared js-env code - pre-init","    (function () {","        // init local","        local = {};","        // init modeJs","        local.modeJs = (function () {","            try {","                return typeof navigator.userAgent === 'string' &&","                    typeof document.querySelector('body') === 'object' &&","                    typeof XMLHttpRequest.prototype.open === 'function' &&","                    'browser';","            } catch (errorCaughtBrowser) {","                return module.exports &&","                    typeof process.versions.node === 'string' &&","                    typeof require('http').createServer === 'function' &&","                    'node';","            }","        }());","        // init global","        local.global = local.modeJs === 'browser'","            ? window","            : global;","        switch (local.modeJs) {","        // re-init local from window.local","        case 'browser':","            local = local.global.utility2.objectSetDefault(","                local.global.utility2_rollup || local.global.local,","                local.global.utility2","            );","            break;","        // re-init local from example.js","        case 'node':","            local = (local.global.utility2_rollup || require('utility2'))","                .requireExampleJsFromReadme();","            break;","        }","        // export local","        local.global.local = local;","    }());","","","","    // run shared js-env code - function","    (function () {","        return;","    }());","    switch (local.modeJs) {","","","","    // run browser js-env code - function","    case 'browser':","        break;","","","","    // run node js-env code - function","    case 'node':","        break;","    }","","","","    // run shared js-env code - post-init","    (function () {","        return;","    }());","    switch (local.modeJs) {","","","","    // run browser js-env code - post-init","    case 'browser':","        // run tests","        local.nop(local.modeTest &&","            document.querySelector('#testRunButton1') &&","            document.querySelector('#testRunButton1').click());","        break;","","","","    // run node js-env code - post-init","    /* istanbul ignore next */","    case 'node':","        local.testCase_buildApidoc_default = local.testCase_buildApidoc_default || function (","            options,","            onError","        ) {","        /*","         * this function will test buildApidoc's default handling-behavior-behavior","         */","            options = { modulePathList: module.paths };","            local.buildApidoc(options, onError);","        };","","        local.testCase_buildApp_default = local.testCase_buildApp_default || function (","            options,","            onError","        ) {","        /*","         * this function will test buildApp's default handling-behavior-behavior","         */","            local.testCase_buildReadme_default(options, local.onErrorThrow);","            local.testCase_buildLib_default(options, local.onErrorThrow);","            local.testCase_buildTest_default(options, local.onErrorThrow);","            local.testCase_buildCustomOrg_default(options, local.onErrorThrow);","            options = [];","            local.buildApp(options, onError);","        };","","        local.testCase_buildCustomOrg_default = local.testCase_buildCustomOrg_default ||","            function (options, onError) {","            /*","             * this function will test buildCustomOrg's default handling-behavior","             */","                options = {};","                local.buildCustomOrg(options, onError);","            };","","        local.testCase_buildLib_default = local.testCase_buildLib_default || function (","            options,","            onError","        ) {","        /*","         * this function will test buildLib's default handling-behavior","         */","            options = {};","            local.buildLib(options, onError);","        };","","        local.testCase_buildReadme_default = local.testCase_buildReadme_default || function (","            options,","            onError","        ) {","        /*","         * this function will test buildReadme's default handling-behavior-behavior","         */","            options = {};","            local.buildReadme(options, onError);","        };","","        local.testCase_buildTest_default = local.testCase_buildTest_default || function (","            options,","            onError","        ) {","        /*","         * this function will test buildTest's default handling-behavior","         */","            options = {};","            local.buildTest(options, onError);","        };","","        local.testCase_webpage_default = local.testCase_webpage_default || function (","            options,","            onError","        ) {","        /*","         * this function will test webpage's default handling-behavior","         */","            options = { modeCoverageMerge: true, url: local.serverLocalHost + '?modeTest=1' };","            local.browserTest(options, onError);","        };","","        // run test-server","        local.testRunServer(local);","        break;","    }","}());",""],"l":{"12":2,"14":2,"19":2,"21":2,"23":2,"24":2,"25":2,"30":1,"37":2,"40":2,"43":1,"47":1,"50":1,"52":1,"55":2,"61":2,"62":2,"64":2,"70":1,"76":1,"82":2,"83":2,"85":2,"92":1,"95":1,"102":1,"109":1,"110":1,"113":1,"120":1,"121":1,"122":1,"123":1,"124":1,"125":1,"128":1,"133":2,"134":2,"137":1,"144":2,"145":2,"148":1,"155":2,"156":2,"159":1,"166":2,"167":2,"170":1,"177":1,"178":1,"182":1,"183":1}},"/home/travis/build/npmtest/node-npmtest-nools/lib.npmtest_nools.js":{"path":"/home/travis/build/npmtest/node-npmtest-nools/lib.npmtest_nools.js","s":{"1":2,"2":2,"3":2,"4":2,"5":2,"6":2,"7":2,"8":1,"9":2,"10":2,"11":2,"12":2,"13":1,"14":1,"15":1,"16":1},"b":{"1":[2,1,1,1],"2":[1,1,1,1],"3":[1,1],"4":[2,2],"5":[1,1]},"f":{"1":2,"2":2,"3":2},"fnMap":{"1":{"name":"(anonymous_1)","line":12,"loc":{"start":{"line":12,"column":1},"end":{"line":12,"column":13}}},"2":{"name":"(anonymous_2)","line":19,"loc":{"start":{"line":19,"column":5},"end":{"line":19,"column":17}}},"3":{"name":"(anonymous_3)","line":23,"loc":{"start":{"line":23,"column":24},"end":{"line":23,"column":36}}}},"statementMap":{"1":{"start":{"line":12,"column":0},"end":{"line":53,"column":5}},"2":{"start":{"line":14,"column":4},"end":{"line":14,"column":14}},"3":{"start":{"line":19,"column":4},"end":{"line":52,"column":9}},"4":{"start":{"line":21,"column":8},"end":{"line":21,"column":19}},"5":{"start":{"line":23,"column":8},"end":{"line":35,"column":13}},"6":{"start":{"line":24,"column":12},"end":{"line":34,"column":13}},"7":{"start":{"line":25,"column":16},"end":{"line":28,"column":30}},"8":{"start":{"line":30,"column":16},"end":{"line":33,"column":27}},"9":{"start":{"line":37,"column":8},"end":{"line":39,"column":21}},"10":{"start":{"line":41,"column":8},"end":{"line":41,"column":54}},"11":{"start":{"line":43,"column":8},"end":{"line":43,"column":50}},"12":{"start":{"line":45,"column":8},"end":{"line":51,"column":9}},"13":{"start":{"line":46,"column":12},"end":{"line":46,"column":56}},"14":{"start":{"line":48,"column":12},"end":{"line":48,"column":35}},"15":{"start":{"line":49,"column":12},"end":{"line":49,"column":49}},"16":{"start":{"line":50,"column":12},"end":{"line":50,"column":43}}},"branchMap":{"1":{"line":25,"type":"binary-expr","locations":[{"start":{"line":25,"column":23},"end":{"line":25,"column":62}},{"start":{"line":26,"column":20},"end":{"line":26,"column":70}},{"start":{"line":27,"column":20},"end":{"line":27,"column":71}},{"start":{"line":28,"column":20},"end":{"line":28,"column":29}}]},"2":{"line":30,"type":"binary-expr","locations":[{"start":{"line":30,"column":23},"end":{"line":30,"column":37}},{"start":{"line":31,"column":20},"end":{"line":31,"column":61}},{"start":{"line":32,"column":20},"end":{"line":32,"column":70}},{"start":{"line":33,"column":20},"end":{"line":33,"column":26}}]},"3":{"line":37,"type":"cond-expr","locations":[{"start":{"line":38,"column":14},"end":{"line":38,"column":20}},{"start":{"line":39,"column":14},"end":{"line":39,"column":20}}]},"4":{"line":41,"type":"binary-expr","locations":[{"start":{"line":41,"column":16},"end":{"line":41,"column":44}},{"start":{"line":41,"column":48},"end":{"line":41,"column":53}}]},"5":{"line":45,"type":"if","locations":[{"start":{"line":45,"column":8},"end":{"line":45,"column":8}},{"start":{"line":45,"column":8},"end":{"line":45,"column":8}}]}},"code":["/* istanbul instrument in package npmtest_nools */","/*jslint","    bitwise: true,","    browser: true,","    maxerr: 8,","    maxlen: 96,","    node: true,","    nomen: true,","    regexp: true,","    stupid: true","*/","(function () {","    'use strict';","    var local;","","","","    // run shared js-env code - pre-init","    (function () {","        // init local","        local = {};","        // init modeJs","        local.modeJs = (function () {","            try {","                return typeof navigator.userAgent === 'string' &&","                    typeof document.querySelector('body') === 'object' &&","                    typeof XMLHttpRequest.prototype.open === 'function' &&","                    'browser';","            } catch (errorCaughtBrowser) {","                return module.exports &&","                    typeof process.versions.node === 'string' &&","                    typeof require('http').createServer === 'function' &&","                    'node';","            }","        }());","        // init global","        local.global = local.modeJs === 'browser'","            ? window","            : global;","        // init utility2_rollup","        local = local.global.utility2_rollup || local;","        // init lib","        local.local = local.npmtest_nools = local;","        // init exports","        if (local.modeJs === 'browser') {","            local.global.utility2_npmtest_nools = local;","        } else {","            module.exports = local;","            module.exports.__dirname = __dirname;","            module.exports.module = module;","        }","    }());","}());",""],"l":{"12":2,"14":2,"19":2,"21":2,"23":2,"24":2,"25":2,"30":1,"37":2,"41":2,"43":2,"45":2,"46":1,"48":1,"49":1,"50":1}},"/home/travis/build/npmtest/node-npmtest-nools/example.js":{"path":"/home/travis/build/npmtest/node-npmtest-nools/example.js","s":{"1":2,"2":2,"3":2,"4":2,"5":2,"6":2,"7":2,"8":1,"9":2,"10":2,"11":2,"12":2,"13":1,"14":2,"15":2,"16":2,"17":2,"18":2,"19":0,"20":2,"21":1,"22":1,"23":1,"24":1,"25":1,"26":0,"27":0,"28":1,"29":1,"30":2,"31":0,"32":0,"33":0,"34":1,"35":2,"36":2,"37":2,"38":2,"39":2,"40":2,"41":0,"42":2,"43":2,"44":2,"45":1,"46":3,"47":1,"48":1,"49":1,"50":1,"51":1,"52":1,"53":1,"54":1,"55":1,"56":1,"57":0,"58":1,"59":6,"60":6,"61":1,"62":2,"63":0,"64":2,"65":1,"66":1,"67":0,"68":0,"69":0,"70":0,"71":0,"72":0,"73":0,"74":0,"75":0,"76":0,"77":0,"78":0,"79":0,"80":0,"81":0,"82":0,"83":0},"b":{"1":[2,1,1,1],"2":[1,1,1,1],"3":[1,1],"4":[2,2],"5":[1,1],"6":[1,1],"7":[2,0],"8":[2,1,1,1,1,1],"9":[0,2,0],"10":[1,1],"11":[2,1,1],"12":[1,0],"13":[0,2],"14":[2,0,0,0,0,0,0],"15":[0,2],"16":[2,0],"17":[1,1],"18":[0,1],"19":[1,2,0,2],"20":[1,0],"21":[1,1],"22":[0,0],"23":[0,0],"24":[0,0],"25":[0,0],"26":[0,0],"27":[0,0],"28":[0,0]},"f":{"1":2,"2":2,"3":2,"4":2,"5":2,"6":2,"7":2,"8":2,"9":3,"10":1,"11":6,"12":0},"fnMap":{"1":{"name":"(anonymous_1)","line":26,"loc":{"start":{"line":26,"column":1},"end":{"line":26,"column":13}}},"2":{"name":"(anonymous_2)","line":33,"loc":{"start":{"line":33,"column":5},"end":{"line":33,"column":17}}},"3":{"name":"(anonymous_3)","line":37,"loc":{"start":{"line":37,"column":24},"end":{"line":37,"column":36}}},"4":{"name":"(anonymous_4)","line":69,"loc":{"start":{"line":69,"column":31},"end":{"line":69,"column":48}},"skip":true},"5":{"name":"(anonymous_5)","line":78,"loc":{"start":{"line":78,"column":26},"end":{"line":78,"column":45}},"skip":true},"6":{"name":"(anonymous_6)","line":123,"loc":{"start":{"line":123,"column":33},"end":{"line":123,"column":48}},"skip":true},"7":{"name":"(anonymous_7)","line":125,"loc":{"start":{"line":125,"column":27},"end":{"line":125,"column":39}},"skip":true},"8":{"name":"(anonymous_8)","line":133,"loc":{"start":{"line":133,"column":59},"end":{"line":133,"column":74}},"skip":true},"9":{"name":"(anonymous_9)","line":143,"loc":{"start":{"line":143,"column":45},"end":{"line":143,"column":62}},"skip":true},"10":{"name":"(anonymous_10)","line":144,"loc":{"start":{"line":144,"column":73},"end":{"line":144,"column":92}},"skip":true},"11":{"name":"(anonymous_11)","line":272,"loc":{"start":{"line":272,"column":51},"end":{"line":272,"column":77}},"skip":true},"12":{"name":"(anonymous_12)","line":314,"loc":{"start":{"line":314,"column":32},"end":{"line":314,"column":61}},"skip":true}},"statementMap":{"1":{"start":{"line":26,"column":0},"end":{"line":325,"column":5}},"2":{"start":{"line":28,"column":4},"end":{"line":28,"column":14}},"3":{"start":{"line":33,"column":4},"end":{"line":60,"column":9}},"4":{"start":{"line":35,"column":8},"end":{"line":35,"column":19}},"5":{"start":{"line":37,"column":8},"end":{"line":49,"column":13}},"6":{"start":{"line":38,"column":12},"end":{"line":48,"column":13}},"7":{"start":{"line":39,"column":16},"end":{"line":42,"column":30}},"8":{"start":{"line":44,"column":16},"end":{"line":47,"column":27}},"9":{"start":{"line":51,"column":8},"end":{"line":53,"column":21}},"10":{"start":{"line":55,"column":8},"end":{"line":57,"column":45}},"11":{"start":{"line":59,"column":8},"end":{"line":59,"column":35}},"12":{"start":{"line":61,"column":4},"end":{"line":324,"column":5}},"13":{"start":{"line":69,"column":8},"end":{"line":121,"column":10},"skip":true},"14":{"start":{"line":70,"column":12},"end":{"line":88,"column":13},"skip":true},"15":{"start":{"line":76,"column":16},"end":{"line":87,"column":19},"skip":true},"16":{"start":{"line":79,"column":20},"end":{"line":86,"column":21},"skip":true},"17":{"start":{"line":82,"column":24},"end":{"line":82,"column":43},"skip":true},"18":{"start":{"line":83,"column":24},"end":{"line":83,"column":30},"skip":true},"19":{"start":{"line":85,"column":24},"end":{"line":85,"column":49},"skip":true},"20":{"start":{"line":89,"column":12},"end":{"line":107,"column":13},"skip":true},"21":{"start":{"line":92,"column":16},"end":{"line":102,"column":17},"skip":true},"22":{"start":{"line":93,"column":20},"end":{"line":93,"column":86},"skip":true},"23":{"start":{"line":94,"column":20},"end":{"line":95,"column":45},"skip":true},"24":{"start":{"line":96,"column":20},"end":{"line":96,"column":42},"skip":true},"25":{"start":{"line":97,"column":20},"end":{"line":97,"column":48},"skip":true},"26":{"start":{"line":100,"column":20},"end":{"line":100,"column":85},"skip":true},"27":{"start":{"line":101,"column":20},"end":{"line":101,"column":96},"skip":true},"28":{"start":{"line":103,"column":16},"end":{"line":103,"column":22},"skip":true},"29":{"start":{"line":106,"column":16},"end":{"line":106,"column":22},"skip":true},"30":{"start":{"line":108,"column":12},"end":{"line":120,"column":13},"skip":true},"31":{"start":{"line":114,"column":16},"end":{"line":119,"column":17},"skip":true},"32":{"start":{"line":116,"column":20},"end":{"line":116,"column":78},"skip":true},"33":{"start":{"line":118,"column":20},"end":{"line":118,"column":47},"skip":true},"34":{"start":{"line":123,"column":8},"end":{"line":141,"column":11},"skip":true},"35":{"start":{"line":124,"column":12},"end":{"line":124,"column":54},"skip":true},"36":{"start":{"line":125,"column":12},"end":{"line":140,"column":14},"skip":true},"37":{"start":{"line":126,"column":16},"end":{"line":126,"column":28},"skip":true},"38":{"start":{"line":127,"column":16},"end":{"line":127,"column":69},"skip":true},"39":{"start":{"line":128,"column":16},"end":{"line":128,"column":75},"skip":true},"40":{"start":{"line":129,"column":16},"end":{"line":131,"column":17},"skip":true},"41":{"start":{"line":130,"column":20},"end":{"line":130,"column":27},"skip":true},"42":{"start":{"line":133,"column":16},"end":{"line":137,"column":36},"skip":true},"43":{"start":{"line":134,"column":20},"end":{"line":136,"column":55},"skip":true},"44":{"start":{"line":139,"column":16},"end":{"line":139,"column":57},"skip":true},"45":{"start":{"line":143,"column":8},"end":{"line":147,"column":11},"skip":true},"46":{"start":{"line":144,"column":12},"end":{"line":146,"column":15},"skip":true},"47":{"start":{"line":145,"column":16},"end":{"line":145,"column":70},"skip":true},"48":{"start":{"line":149,"column":8},"end":{"line":149,"column":31},"skip":true},"49":{"start":{"line":150,"column":8},"end":{"line":150,"column":14},"skip":true},"50":{"start":{"line":158,"column":8},"end":{"line":158,"column":31},"skip":true},"51":{"start":{"line":160,"column":8},"end":{"line":160,"column":33},"skip":true},"52":{"start":{"line":161,"column":8},"end":{"line":161,"column":37},"skip":true},"53":{"start":{"line":162,"column":8},"end":{"line":162,"column":35},"skip":true},"54":{"start":{"line":164,"column":8},"end":{"line":164,"column":50},"skip":true},"55":{"start":{"line":166,"column":8},"end":{"line":256,"column":2},"skip":true},"56":{"start":{"line":258,"column":8},"end":{"line":286,"column":9},"skip":true},"57":{"start":{"line":259,"column":12},"end":{"line":269,"column":14},"skip":true},"58":{"start":{"line":271,"column":12},"end":{"line":285,"column":19},"skip":true},"59":{"start":{"line":274,"column":20},"end":{"line":274,"column":35},"skip":true},"60":{"start":{"line":275,"column":20},"end":{"line":284,"column":21},"skip":true},"61":{"start":{"line":277,"column":24},"end":{"line":277,"column":64},"skip":true},"62":{"start":{"line":279,"column":24},"end":{"line":279,"column":40},"skip":true},"63":{"start":{"line":281,"column":24},"end":{"line":281,"column":40},"skip":true},"64":{"start":{"line":283,"column":24},"end":{"line":283,"column":39},"skip":true},"65":{"start":{"line":288,"column":8},"end":{"line":290,"column":9},"skip":true},"66":{"start":{"line":289,"column":12},"end":{"line":289,"column":18},"skip":true},"67":{"start":{"line":291,"column":8},"end":{"line":293,"column":54},"skip":true},"68":{"start":{"line":294,"column":8},"end":{"line":301,"column":37},"skip":true},"69":{"start":{"line":302,"column":8},"end":{"line":302,"column":82},"skip":true},"70":{"start":{"line":305,"column":8},"end":{"line":307,"column":9},"skip":true},"71":{"start":{"line":306,"column":12},"end":{"line":306,"column":82},"skip":true},"72":{"start":{"line":309,"column":8},"end":{"line":311,"column":9},"skip":true},"73":{"start":{"line":310,"column":12},"end":{"line":310,"column":18},"skip":true},"74":{"start":{"line":312,"column":8},"end":{"line":312,"column":54},"skip":true},"75":{"start":{"line":313,"column":8},"end":{"line":313,"column":69},"skip":true},"76":{"start":{"line":314,"column":8},"end":{"line":322,"column":36},"skip":true},"77":{"start":{"line":315,"column":12},"end":{"line":315,"column":61},"skip":true},"78":{"start":{"line":316,"column":12},"end":{"line":319,"column":13},"skip":true},"79":{"start":{"line":317,"column":16},"end":{"line":317,"column":75},"skip":true},"80":{"start":{"line":318,"column":16},"end":{"line":318,"column":23},"skip":true},"81":{"start":{"line":320,"column":12},"end":{"line":320,"column":38},"skip":true},"82":{"start":{"line":321,"column":12},"end":{"line":321,"column":27},"skip":true},"83":{"start":{"line":323,"column":8},"end":{"line":323,"column":14},"skip":true}},"branchMap":{"1":{"line":39,"type":"binary-expr","locations":[{"start":{"line":39,"column":23},"end":{"line":39,"column":62}},{"start":{"line":40,"column":20},"end":{"line":40,"column":70}},{"start":{"line":41,"column":20},"end":{"line":41,"column":71}},{"start":{"line":42,"column":20},"end":{"line":42,"column":29}}]},"2":{"line":44,"type":"binary-expr","locations":[{"start":{"line":44,"column":23},"end":{"line":44,"column":37}},{"start":{"line":45,"column":20},"end":{"line":45,"column":61}},{"start":{"line":46,"column":20},"end":{"line":46,"column":70}},{"start":{"line":47,"column":20},"end":{"line":47,"column":26}}]},"3":{"line":51,"type":"cond-expr","locations":[{"start":{"line":52,"column":14},"end":{"line":52,"column":20}},{"start":{"line":53,"column":14},"end":{"line":53,"column":20}}]},"4":{"line":55,"type":"binary-expr","locations":[{"start":{"line":55,"column":16},"end":{"line":55,"column":44}},{"start":{"line":55,"column":49},"end":{"line":57,"column":43}}]},"5":{"line":55,"type":"cond-expr","locations":[{"start":{"line":56,"column":14},"end":{"line":56,"column":49}},{"start":{"line":57,"column":14},"end":{"line":57,"column":43}}]},"6":{"line":61,"type":"switch","locations":[{"start":{"line":68,"column":4},"end":{"line":150,"column":14},"skip":true},{"start":{"line":156,"column":4},"end":{"line":323,"column":14},"skip":true}]},"7":{"line":70,"type":"if","locations":[{"start":{"line":70,"column":12},"end":{"line":70,"column":12},"skip":true},{"start":{"line":70,"column":12},"end":{"line":70,"column":12},"skip":true}]},"8":{"line":70,"type":"binary-expr","locations":[{"start":{"line":70,"column":16},"end":{"line":70,"column":22},"skip":true},{"start":{"line":70,"column":27},"end":{"line":70,"column":32},"skip":true},{"start":{"line":71,"column":20},"end":{"line":71,"column":39},"skip":true},{"start":{"line":72,"column":20},"end":{"line":72,"column":49},"skip":true},{"start":{"line":73,"column":20},"end":{"line":73,"column":58},"skip":true},{"start":{"line":74,"column":20},"end":{"line":74,"column":69},"skip":true}]},"9":{"line":79,"type":"switch","locations":[{"start":{"line":80,"column":20},"end":{"line":80,"column":33},"skip":true},{"start":{"line":81,"column":20},"end":{"line":83,"column":30},"skip":true},{"start":{"line":84,"column":20},"end":{"line":85,"column":49},"skip":true}]},"10":{"line":89,"type":"switch","locations":[{"start":{"line":90,"column":12},"end":{"line":103,"column":22},"skip":true},{"start":{"line":105,"column":12},"end":{"line":106,"column":22},"skip":true}]},"11":{"line":89,"type":"binary-expr","locations":[{"start":{"line":89,"column":20},"end":{"line":89,"column":25},"skip":true},{"start":{"line":89,"column":29},"end":{"line":89,"column":48},"skip":true},{"start":{"line":89,"column":52},"end":{"line":89,"column":74},"skip":true}]},"12":{"line":92,"type":"if","locations":[{"start":{"line":92,"column":16},"end":{"line":92,"column":16},"skip":true},{"start":{"line":92,"column":16},"end":{"line":92,"column":16},"skip":true}]},"13":{"line":108,"type":"if","locations":[{"start":{"line":108,"column":12},"end":{"line":108,"column":12},"skip":true},{"start":{"line":108,"column":12},"end":{"line":108,"column":12},"skip":true}]},"14":{"line":108,"type":"binary-expr","locations":[{"start":{"line":108,"column":16},"end":{"line":108,"column":61},"skip":true},{"start":{"line":108,"column":66},"end":{"line":108,"column":72},"skip":true},{"start":{"line":108,"column":77},"end":{"line":108,"column":82},"skip":true},{"start":{"line":109,"column":20},"end":{"line":109,"column":39},"skip":true},{"start":{"line":110,"column":20},"end":{"line":110,"column":49},"skip":true},{"start":{"line":111,"column":20},"end":{"line":111,"column":58},"skip":true},{"start":{"line":112,"column":20},"end":{"line":112,"column":68},"skip":true}]},"15":{"line":129,"type":"if","locations":[{"start":{"line":129,"column":16},"end":{"line":129,"column":16},"skip":true},{"start":{"line":129,"column":16},"end":{"line":129,"column":16},"skip":true}]},"16":{"line":134,"type":"cond-expr","locations":[{"start":{"line":135,"column":26},"end":{"line":135,"column":29},"skip":true},{"start":{"line":136,"column":26},"end":{"line":136,"column":54},"skip":true}]},"17":{"line":164,"type":"binary-expr","locations":[{"start":{"line":164,"column":27},"end":{"line":164,"column":43},"skip":true},{"start":{"line":164,"column":47},"end":{"line":164,"column":49},"skip":true}]},"18":{"line":258,"type":"if","locations":[{"start":{"line":258,"column":8},"end":{"line":258,"column":8},"skip":true},{"start":{"line":258,"column":8},"end":{"line":258,"column":8},"skip":true}]},"19":{"line":275,"type":"switch","locations":[{"start":{"line":276,"column":20},"end":{"line":277,"column":64},"skip":true},{"start":{"line":278,"column":20},"end":{"line":279,"column":40},"skip":true},{"start":{"line":280,"column":20},"end":{"line":281,"column":40},"skip":true},{"start":{"line":282,"column":20},"end":{"line":283,"column":39},"skip":true}]},"20":{"line":288,"type":"if","locations":[{"start":{"line":288,"column":8},"end":{"line":288,"column":8},"skip":true},{"start":{"line":288,"column":8},"end":{"line":288,"column":8},"skip":true}]},"21":{"line":288,"type":"binary-expr","locations":[{"start":{"line":288,"column":12},"end":{"line":288,"column":40},"skip":true},{"start":{"line":288,"column":44},"end":{"line":288,"column":67},"skip":true}]},"22":{"line":292,"type":"binary-expr","locations":[{"start":{"line":292,"column":12},"end":{"line":292,"column":50},"skip":true},{"start":{"line":293,"column":12},"end":{"line":293,"column":53},"skip":true}]},"23":{"line":295,"type":"binary-expr","locations":[{"start":{"line":295,"column":12},"end":{"line":295,"column":63},"skip":true},{"start":{"line":296,"column":12},"end":{"line":301,"column":36},"skip":true}]},"24":{"line":302,"type":"binary-expr","locations":[{"start":{"line":302,"column":43},"end":{"line":302,"column":75},"skip":true},{"start":{"line":302,"column":79},"end":{"line":302,"column":81},"skip":true}]},"25":{"line":305,"type":"if","locations":[{"start":{"line":305,"column":8},"end":{"line":305,"column":8},"skip":true},{"start":{"line":305,"column":8},"end":{"line":305,"column":8},"skip":true}]},"26":{"line":309,"type":"if","locations":[{"start":{"line":309,"column":8},"end":{"line":309,"column":8},"skip":true},{"start":{"line":309,"column":8},"end":{"line":309,"column":8},"skip":true}]},"27":{"line":312,"type":"binary-expr","locations":[{"start":{"line":312,"column":27},"end":{"line":312,"column":43},"skip":true},{"start":{"line":312,"column":47},"end":{"line":312,"column":53},"skip":true}]},"28":{"line":316,"type":"if","locations":[{"start":{"line":316,"column":12},"end":{"line":316,"column":12},"skip":true},{"start":{"line":316,"column":12},"end":{"line":316,"column":12},"skip":true}]}},"code":["/*","example.js","","quickstart example","","instruction","    1. save this script as example.js","    2. run the shell command:","        $ npm install npmtest-nools && PORT=8081 node example.js","    3. play with the browser-demo on http://127.0.0.1:8081","*/","","","","/* istanbul instrument in package npmtest_nools */","/*jslint","    bitwise: true,","    browser: true,","    maxerr: 8,","    maxlen: 96,","    node: true,","    nomen: true,","    regexp: true,","    stupid: true","*/","(function () {","    'use strict';","    var local;","","","","    // run shared js-env code - pre-init","    (function () {","        // init local","        local = {};","        // init modeJs","        local.modeJs = (function () {","            try {","                return typeof navigator.userAgent === 'string' &&","                    typeof document.querySelector('body') === 'object' &&","                    typeof XMLHttpRequest.prototype.open === 'function' &&","                    'browser';","            } catch (errorCaughtBrowser) {","                return module.exports &&","                    typeof process.versions.node === 'string' &&","                    typeof require('http').createServer === 'function' &&","                    'node';","            }","        }());","        // init global","        local.global = local.modeJs === 'browser'","            ? window","            : global;","        // init utility2_rollup","        local = local.global.utility2_rollup || (local.modeJs === 'browser'","            ? local.global.utility2_npmtest_nools","            : global.utility2_moduleExports);","        // export local","        local.global.local = local;","    }());","    switch (local.modeJs) {","","","","    // post-init","    // run browser js-env code - post-init","    /* istanbul ignore next */","    case 'browser':","        local.testRunBrowser = function (event) {","            if (!event || (event &&","                    event.currentTarget &&","                    event.currentTarget.className &&","                    event.currentTarget.className.includes &&","                    event.currentTarget.className.includes('onreset'))) {","                // reset output","                Array.from(","                    document.querySelectorAll('body > .resettable')","                ).forEach(function (element) {","                    switch (element.tagName) {","                    case 'INPUT':","                    case 'TEXTAREA':","                        element.value = '';","                        break;","                    default:","                        element.textContent = '';","                    }","                });","            }","            switch (event && event.currentTarget && event.currentTarget.id) {","            case 'testRunButton1':","                // show tests","                if (document.querySelector('#testReportDiv1').style.display === 'none') {","                    document.querySelector('#testReportDiv1').style.display = 'block';","                    document.querySelector('#testRunButton1').textContent =","                        'hide internal test';","                    local.modeTest = true;","                    local.testRunDefault(local);","                // hide tests","                } else {","                    document.querySelector('#testReportDiv1').style.display = 'none';","                    document.querySelector('#testRunButton1').textContent = 'run internal test';","                }","                break;","            // custom-case","            default:","                break;","            }","            if (document.querySelector('#inputTextareaEval1') && (!event || (event &&","                    event.currentTarget &&","                    event.currentTarget.className &&","                    event.currentTarget.className.includes &&","                    event.currentTarget.className.includes('oneval')))) {","                // try to eval input-code","                try {","                    /*jslint evil: true*/","                    eval(document.querySelector('#inputTextareaEval1').value);","                } catch (errorCaught) {","                    console.error(errorCaught);","                }","            }","        };","        // log stderr and stdout to #outputTextareaStdout1","        ['error', 'log'].forEach(function (key) {","            console[key + '_original'] = console[key];","            console[key] = function () {","                var element;","                console[key + '_original'].apply(console, arguments);","                element = document.querySelector('#outputTextareaStdout1');","                if (!element) {","                    return;","                }","                // append text to #outputTextareaStdout1","                element.value += Array.from(arguments).map(function (arg) {","                    return typeof arg === 'string'","                        ? arg","                        : JSON.stringify(arg, null, 4);","                }).join(' ') + '\\n';","                // scroll textarea to bottom","                element.scrollTop = element.scrollHeight;","            };","        });","        // init event-handling","        ['change', 'click', 'keyup'].forEach(function (event) {","            Array.from(document.querySelectorAll('.on' + event)).forEach(function (element) {","                element.addEventListener(event, local.testRunBrowser);","            });","        });","        // run tests","        local.testRunBrowser();","        break;","","","","    // run node js-env code - post-init","    /* istanbul ignore next */","    case 'node':","        // export local","        module.exports = local;","        // require modules","        local.fs = require('fs');","        local.http = require('http');","        local.url = require('url');","        // init assets","        local.assetsDict = local.assetsDict || {};","        /* jslint-ignore-begin */","        local.assetsDict['/assets.index.template.html'] = '\\","<!doctype html>\\n\\","<html lang=\"en\">\\n\\","<head>\\n\\","<meta charset=\"UTF-8\">\\n\\","<meta name=\"viewport\" content=\"width=device-width, initial-scale=1\">\\n\\","<title>{{env.npm_package_name}} (v{{env.npm_package_version}})</title>\\n\\","<style>\\n\\","/*csslint\\n\\","    box-sizing: false,\\n\\","    universal-selector: false\\n\\","*/\\n\\","* {\\n\\","    box-sizing: border-box;\\n\\","}\\n\\","body {\\n\\","    background: #dde;\\n\\","    font-family: Arial, Helvetica, sans-serif;\\n\\","    margin: 2rem;\\n\\","}\\n\\","body > * {\\n\\","    margin-bottom: 1rem;\\n\\","}\\n\\",".utility2FooterDiv {\\n\\","    margin-top: 20px;\\n\\","    text-align: center;\\n\\","}\\n\\","</style>\\n\\","<style>\\n\\","/*csslint\\n\\","*/\\n\\","textarea {\\n\\","    font-family: monospace;\\n\\","    height: 10rem;\\n\\","    width: 100%;\\n\\","}\\n\\","textarea[readonly] {\\n\\","    background: #ddd;\\n\\","}\\n\\","</style>\\n\\","</head>\\n\\","<body>\\n\\","<!-- utility2-comment\\n\\","<div id=\"ajaxProgressDiv1\" style=\"background: #d00; height: 2px; left: 0; margin: 0; padding: 0; position: fixed; top: 0; transition: background 0.5s, width 1.5s; width: 25%;\"></div>\\n\\","utility2-comment -->\\n\\","<h1>\\n\\","<!-- utility2-comment\\n\\","    <a\\n\\","        {{#if env.npm_package_homepage}}\\n\\","        href=\"{{env.npm_package_homepage}}\"\\n\\","        {{/if env.npm_package_homepage}}\\n\\","        target=\"_blank\"\\n\\","    >\\n\\","utility2-comment -->\\n\\","        {{env.npm_package_name}} (v{{env.npm_package_version}})\\n\\","<!-- utility2-comment\\n\\","    </a>\\n\\","utility2-comment -->\\n\\","</h1>\\n\\","<h3>{{env.npm_package_description}}</h3>\\n\\","<!-- utility2-comment\\n\\","<h4><a download href=\"assets.app.js\">download standalone app</a></h4>\\n\\","<button class=\"onclick onreset\" id=\"testRunButton1\">run internal test</button><br>\\n\\","<div id=\"testReportDiv1\" style=\"display: none;\"></div>\\n\\","utility2-comment -->\\n\\","\\n\\","\\n\\","\\n\\","<label>stderr and stdout</label>\\n\\","<textarea class=\"resettable\" id=\"outputTextareaStdout1\" readonly></textarea>\\n\\","<!-- utility2-comment\\n\\","{{#if isRollup}}\\n\\","<script src=\"assets.app.js\"></script>\\n\\","{{#unless isRollup}}\\n\\","utility2-comment -->\\n\\","<script src=\"assets.utility2.rollup.js\"></script>\\n\\","<script src=\"jsonp.utility2._stateInit?callback=window.utility2._stateInit\"></script>\\n\\","<script src=\"assets.npmtest_nools.rollup.js\"></script>\\n\\","<script src=\"assets.example.js\"></script>\\n\\","<script src=\"assets.test.js\"></script>\\n\\","<!-- utility2-comment\\n\\","{{/if isRollup}}\\n\\","utility2-comment -->\\n\\","<div class=\"utility2FooterDiv\">\\n\\","    [ this app was created with\\n\\","    <a href=\"https://github.com/kaizhu256/node-utility2\" target=\"_blank\">utility2</a>\\n\\","    ]\\n\\","</div>\\n\\","</body>\\n\\","</html>\\n\\","';","        /* jslint-ignore-end */","        if (local.templateRender) {","            local.assetsDict['/'] = local.templateRender(","                local.assetsDict['/assets.index.template.html'],","                {","                    env: local.objectSetDefault(local.env, {","                        npm_package_description: 'the greatest app in the world!',","                        npm_package_name: 'my-app',","                        npm_package_nameAlias: 'my_app',","                        npm_package_version: '0.0.1'","                    })","                }","            );","        } else {","            local.assetsDict['/'] = local.assetsDict['/assets.index.template.html']","                .replace((/\\{\\{env\\.(\\w+?)\\}\\}/g), function (match0, match1) {","                    // jslint-hack","                    String(match0);","                    switch (match1) {","                    case 'npm_package_description':","                        return 'the greatest app in the world!';","                    case 'npm_package_name':","                        return 'my-app';","                    case 'npm_package_nameAlias':","                        return 'my_app';","                    case 'npm_package_version':","                        return '0.0.1';","                    }","                });","        }","        // run the cli","        if (local.global.utility2_rollup || module !== require.main) {","            break;","        }","        local.assetsDict['/assets.example.js'] =","            local.assetsDict['/assets.example.js'] ||","            local.fs.readFileSync(__filename, 'utf8');","        local.assetsDict['/assets.npmtest_nools.rollup.js'] =","            local.assetsDict['/assets.npmtest_nools.rollup.js'] ||","            local.fs.readFileSync(","                // buildCustomOrg-hack","                local.npmtest_nools.__dirname +","                    '/lib.npmtest_nools.js',","                'utf8'","            ).replace((/^#!/), '//');","        local.assetsDict['/favicon.ico'] = local.assetsDict['/favicon.ico'] || '';","        // if $npm_config_timeout_exit exists,","        // then exit this process after $npm_config_timeout_exit ms","        if (Number(process.env.npm_config_timeout_exit)) {","            setTimeout(process.exit, Number(process.env.npm_config_timeout_exit));","        }","        // start server","        if (local.global.utility2_serverHttp1) {","            break;","        }","        process.env.PORT = process.env.PORT || '8081';","        console.error('server starting on port ' + process.env.PORT);","        local.http.createServer(function (request, response) {","            request.urlParsed = local.url.parse(request.url);","            if (local.assetsDict[request.urlParsed.pathname] !== undefined) {","                response.end(local.assetsDict[request.urlParsed.pathname]);","                return;","            }","            response.statusCode = 404;","            response.end();","        }).listen(process.env.PORT);","        break;","    }","}());",""],"l":{"26":2,"28":2,"33":2,"35":2,"37":2,"38":2,"39":2,"44":1,"51":2,"55":2,"59":2,"61":2,"69":1,"70":2,"76":2,"79":2,"82":2,"83":2,"85":1,"89":2,"92":1,"93":1,"94":1,"96":1,"97":1,"100":1,"101":1,"103":1,"106":1,"108":2,"114":1,"116":1,"118":1,"123":1,"124":2,"125":2,"126":2,"127":2,"128":2,"129":2,"130":1,"133":2,"134":2,"139":2,"143":1,"144":3,"145":1,"149":1,"150":1,"158":1,"160":1,"161":1,"162":1,"164":1,"166":1,"258":1,"259":1,"271":1,"274":6,"275":6,"277":1,"279":2,"281":1,"283":2,"288":1,"289":1,"291":1,"294":1,"302":1,"305":1,"306":1,"309":1,"310":1,"312":1,"313":1,"314":1,"315":1,"316":1,"317":1,"318":1,"320":1,"321":1,"323":1}},"/home/travis/build/npmtest/node-npmtest-nools/node_modules/nools/index.js":{"path":"/home/travis/build/npmtest/node-npmtest-nools/node_modules/nools/index.js","s":{"1":1},"b":{},"f":{},"fnMap":{},"statementMap":{"1":{"start":{"line":1,"column":0},"end":{"line":1,"column":44}}},"branchMap":{},"code":["module.exports = exports = require(\"./lib\");"],"l":{"1":1}},"/home/travis/build/npmtest/node-npmtest-nools/node_modules/nools/lib/index.js":{"path":"/home/travis/build/npmtest/node-npmtest-nools/node_modules/nools/lib/index.js","s":{"1":1,"2":1,"3":0,"4":1,"5":0,"6":0,"7":0,"8":0,"9":0,"10":1,"11":1,"12":1,"13":1,"14":0,"15":0,"16":1,"17":0,"18":0,"19":1,"20":1,"21":0,"22":0,"23":0,"24":0,"25":0,"26":0,"27":0,"28":0,"29":0,"30":0,"31":1,"32":0,"33":0,"34":0,"35":0,"36":0,"37":1},"b":{"1":[0,0],"2":[0,0],"3":[0,0],"4":[0,0],"5":[0,0],"6":[0,0],"7":[0,0],"8":[0,0],"9":[0,0],"10":[0,0],"11":[0,0]},"f":{"1":0,"2":0,"3":0,"4":0,"5":0,"6":0},"fnMap":{"1":{"name":"isNoolsFile","line":17,"loc":{"start":{"line":17,"column":0},"end":{"line":17,"column":27}}},"2":{"name":"parse","line":21,"loc":{"start":{"line":21,"column":0},"end":{"line":21,"column":23}}},"3":{"name":"(anonymous_3)","line":36,"loc":{"start":{"line":36,"column":21},"end":{"line":36,"column":37}}},"4":{"name":"(anonymous_4)","line":41,"loc":{"start":{"line":41,"column":22},"end":{"line":41,"column":34}}},"5":{"name":"(anonymous_5)","line":48,"loc":{"start":{"line":48,"column":18},"end":{"line":48,"column":47}}},"6":{"name":"(anonymous_6)","line":65,"loc":{"start":{"line":65,"column":20},"end":{"line":65,"column":45}}}},"statementMap":{"1":{"start":{"line":11,"column":0},"end":{"line":15,"column":47}},"2":{"start":{"line":17,"column":0},"end":{"line":19,"column":1}},"3":{"start":{"line":18,"column":4},"end":{"line":18,"column":35}},"4":{"start":{"line":21,"column":0},"end":{"line":29,"column":1}},"5":{"start":{"line":22,"column":4},"end":{"line":22,"column":12}},"6":{"start":{"line":23,"column":4},"end":{"line":27,"column":5}},"7":{"start":{"line":24,"column":8},"end":{"line":24,"column":69}},"8":{"start":{"line":26,"column":8},"end":{"line":26,"column":36}},"9":{"start":{"line":28,"column":4},"end":{"line":28,"column":15}},"10":{"start":{"line":31,"column":0},"end":{"line":31,"column":29}},"11":{"start":{"line":33,"column":0},"end":{"line":33,"column":40}},"12":{"start":{"line":34,"column":0},"end":{"line":34,"column":40}},"13":{"start":{"line":36,"column":0},"end":{"line":39,"column":2}},"14":{"start":{"line":37,"column":4},"end":{"line":37,"column":35}},"15":{"start":{"line":38,"column":4},"end":{"line":38,"column":16}},"16":{"start":{"line":41,"column":0},"end":{"line":44,"column":2}},"17":{"start":{"line":42,"column":4},"end":{"line":42,"column":32}},"18":{"start":{"line":43,"column":4},"end":{"line":43,"column":16}},"19":{"start":{"line":46,"column":0},"end":{"line":46,"column":36}},"20":{"start":{"line":48,"column":0},"end":{"line":63,"column":2}},"21":{"start":{"line":49,"column":4},"end":{"line":54,"column":5}},"22":{"start":{"line":50,"column":8},"end":{"line":50,"column":21}},"23":{"start":{"line":51,"column":8},"end":{"line":51,"column":21}},"24":{"start":{"line":53,"column":8},"end":{"line":53,"column":32}},"25":{"start":{"line":55,"column":4},"end":{"line":58,"column":5}},"26":{"start":{"line":56,"column":8},"end":{"line":56,"column":108}},"27":{"start":{"line":57,"column":8},"end":{"line":57,"column":27}},"28":{"start":{"line":59,"column":4},"end":{"line":61,"column":5}},"29":{"start":{"line":60,"column":8},"end":{"line":60,"column":69}},"30":{"start":{"line":62,"column":4},"end":{"line":62,"column":62}},"31":{"start":{"line":65,"column":0},"end":{"line":72,"column":2}},"32":{"start":{"line":66,"column":4},"end":{"line":66,"column":28}},"33":{"start":{"line":67,"column":4},"end":{"line":70,"column":5}},"34":{"start":{"line":68,"column":8},"end":{"line":68,"column":108}},"35":{"start":{"line":69,"column":8},"end":{"line":69,"column":27}},"36":{"start":{"line":71,"column":4},"end":{"line":71,"column":44}},"37":{"start":{"line":74,"column":0},"end":{"line":74,"column":22}}},"branchMap":{"1":{"line":23,"type":"if","locations":[{"start":{"line":23,"column":4},"end":{"line":23,"column":4}},{"start":{"line":23,"column":4},"end":{"line":23,"column":4}}]},"2":{"line":49,"type":"if","locations":[{"start":{"line":49,"column":4},"end":{"line":49,"column":4}},{"start":{"line":49,"column":4},"end":{"line":49,"column":4}}]},"3":{"line":53,"type":"binary-expr","locations":[{"start":{"line":53,"column":18},"end":{"line":53,"column":25}},{"start":{"line":53,"column":29},"end":{"line":53,"column":31}}]},"4":{"line":55,"type":"if","locations":[{"start":{"line":55,"column":4},"end":{"line":55,"column":4}},{"start":{"line":55,"column":4},"end":{"line":55,"column":4}}]},"5":{"line":56,"type":"binary-expr","locations":[{"start":{"line":56,"column":23},"end":{"line":56,"column":35}},{"start":{"line":56,"column":40},"end":{"line":56,"column":106}}]},"6":{"line":56,"type":"cond-expr","locations":[{"start":{"line":56,"column":60},"end":{"line":56,"column":99}},{"start":{"line":56,"column":102},"end":{"line":56,"column":106}}]},"7":{"line":59,"type":"if","locations":[{"start":{"line":59,"column":4},"end":{"line":59,"column":4}},{"start":{"line":59,"column":4},"end":{"line":59,"column":4}}]},"8":{"line":66,"type":"binary-expr","locations":[{"start":{"line":66,"column":14},"end":{"line":66,"column":21}},{"start":{"line":66,"column":25},"end":{"line":66,"column":27}}]},"9":{"line":67,"type":"if","locations":[{"start":{"line":67,"column":4},"end":{"line":67,"column":4}},{"start":{"line":67,"column":4},"end":{"line":67,"column":4}}]},"10":{"line":68,"type":"binary-expr","locations":[{"start":{"line":68,"column":23},"end":{"line":68,"column":35}},{"start":{"line":68,"column":40},"end":{"line":68,"column":106}}]},"11":{"line":68,"type":"cond-expr","locations":[{"start":{"line":68,"column":60},"end":{"line":68,"column":99}},{"start":{"line":68,"column":102},"end":{"line":68,"column":106}}]}},"code":["/**"," *"," * @projectName nools"," * @github https://github.com/C2FO/nools"," * @includeDoc [Examples] ../docs-md/examples.md"," * @includeDoc [Change Log] ../history.md"," * @header [../readme.md]"," */","","\"use strict\";","var extd = require(\"./extended\"),","    fs = require(\"fs\"),","    path = require(\"path\"),","    compile = require(\"./compile\"),","    FlowContainer = require(\"./flowContainer\");","","function isNoolsFile(file) {","    return (/\\.nools$/).test(file);","}","","function parse(source) {","    var ret;","    if (isNoolsFile(source)) {","        ret = compile.parse(fs.readFileSync(source, \"utf8\"), source);","    } else {","        ret = compile.parse(source);","    }","    return ret;","}","","exports.Flow = FlowContainer;","","exports.getFlow = FlowContainer.getFlow;","exports.hasFlow = FlowContainer.hasFlow;","","exports.deleteFlow = function (name) {","    FlowContainer.deleteFlow(name);","    return this;","};","","exports.deleteFlows = function () {","    FlowContainer.deleteFlows();","    return this;","};","","exports.flow = FlowContainer.create;","","exports.compile = function (file, options, cb) {","    if (extd.isFunction(options)) {","        cb = options;","        options = {};","    } else {","        options = options || {};","    }","    if (extd.isString(file)) {","        options.name = options.name || (isNoolsFile(file) ? path.basename(file, path.extname(file)) : null);","        file = parse(file);","    }","    if (!options.name) {","        throw new Error(\"Name required when compiling nools source\");","    }","    return  compile.compile(file, options, cb, FlowContainer);","};","","exports.transpile = function (file, options) {","    options = options || {};","    if (extd.isString(file)) {","        options.name = options.name || (isNoolsFile(file) ? path.basename(file, path.extname(file)) : null);","        file = parse(file);","    }","    return compile.transpile(file, options);","};","","exports.parse = parse;"],"l":{"11":1,"17":1,"18":0,"21":1,"22":0,"23":0,"24":0,"26":0,"28":0,"31":1,"33":1,"34":1,"36":1,"37":0,"38":0,"41":1,"42":0,"43":0,"46":1,"48":1,"49":0,"50":0,"51":0,"53":0,"55":0,"56":0,"57":0,"59":0,"60":0,"62":0,"65":1,"66":0,"67":0,"68":0,"69":0,"71":0,"74":1}},"/home/travis/build/npmtest/node-npmtest-nools/node_modules/nools/lib/extended.js":{"path":"/home/travis/build/npmtest/node-npmtest-nools/node_modules/nools/lib/extended.js","s":{"1":1,"2":1,"3":0,"4":0,"5":0,"6":0,"7":0,"8":0,"9":0,"10":1,"11":0,"12":0,"13":0,"14":0,"15":0,"16":0,"17":0,"18":0,"19":0,"20":0,"21":0,"22":1,"23":0,"24":0,"25":0,"26":0,"27":0,"28":0,"29":0,"30":0,"31":0,"32":1,"33":0,"34":0,"35":0,"36":0,"37":0,"38":0,"39":0,"40":0,"41":1,"42":0,"43":0,"44":0,"45":0,"46":0,"47":0,"48":0,"49":0,"50":1,"51":0,"52":0,"53":0,"54":0,"55":0,"56":0,"57":0,"58":0,"59":0,"60":0,"61":0,"62":0,"63":0,"64":0,"65":0,"66":0,"67":0,"68":0,"69":0,"70":0,"71":0,"72":0,"73":1,"74":0,"75":0,"76":0,"77":0,"78":0,"79":1,"80":0,"81":1},"b":{"1":[0,0],"2":[0,0],"3":[0,0],"4":[0,0],"5":[0,0],"6":[0,0],"7":[0,0],"8":[0,0],"9":[0,0],"10":[0,0]},"f":{"1":0,"2":0,"3":0,"4":0,"5":0,"6":0,"7":0,"8":0,"9":0,"10":0,"11":0,"12":0},"fnMap":{"1":{"name":"plucked","line":8,"loc":{"start":{"line":8,"column":0},"end":{"line":8,"column":23}}},"2":{"name":"(anonymous_2)","line":12,"loc":{"start":{"line":12,"column":15},"end":{"line":12,"column":31}}},"3":{"name":"(anonymous_3)","line":16,"loc":{"start":{"line":16,"column":15},"end":{"line":16,"column":31}}},"4":{"name":"plucker","line":22,"loc":{"start":{"line":22,"column":0},"end":{"line":22,"column":23}}},"5":{"name":"(anonymous_5)","line":27,"loc":{"start":{"line":27,"column":33},"end":{"line":27,"column":49}}},"6":{"name":"(anonymous_6)","line":31,"loc":{"start":{"line":31,"column":15},"end":{"line":31,"column":31}}},"7":{"name":"intersection","line":41,"loc":{"start":{"line":41,"column":0},"end":{"line":41,"column":28}}},"8":{"name":"inPlaceIntersection","line":55,"loc":{"start":{"line":55,"column":0},"end":{"line":55,"column":35}}},"9":{"name":"inPlaceDifference","line":68,"loc":{"start":{"line":68,"column":0},"end":{"line":68,"column":33}}},"10":{"name":"diffArr","line":81,"loc":{"start":{"line":81,"column":0},"end":{"line":81,"column":29}}},"11":{"name":"diffHash","line":115,"loc":{"start":{"line":115,"column":0},"end":{"line":115,"column":26}}},"12":{"name":"union","line":126,"loc":{"start":{"line":126,"column":0},"end":{"line":126,"column":27}}}},"statementMap":{"1":{"start":{"line":1,"column":0},"end":{"line":6,"column":37}},"2":{"start":{"line":8,"column":0},"end":{"line":20,"column":1}},"3":{"start":{"line":9,"column":4},"end":{"line":9,"column":40}},"4":{"start":{"line":10,"column":4},"end":{"line":19,"column":5}},"5":{"start":{"line":11,"column":8},"end":{"line":11,"column":23}},"6":{"start":{"line":12,"column":8},"end":{"line":14,"column":10}},"7":{"start":{"line":13,"column":12},"end":{"line":13,"column":32}},"8":{"start":{"line":16,"column":8},"end":{"line":18,"column":10}},"9":{"start":{"line":17,"column":12},"end":{"line":17,"column":30}},"10":{"start":{"line":22,"column":0},"end":{"line":39,"column":1}},"11":{"start":{"line":23,"column":4},"end":{"line":23,"column":27}},"12":{"start":{"line":24,"column":4},"end":{"line":38,"column":5}},"13":{"start":{"line":25,"column":8},"end":{"line":25,"column":32}},"14":{"start":{"line":27,"column":8},"end":{"line":29,"column":11}},"15":{"start":{"line":28,"column":12},"end":{"line":28,"column":33}},"16":{"start":{"line":30,"column":8},"end":{"line":30,"column":32}},"17":{"start":{"line":31,"column":8},"end":{"line":37,"column":10}},"18":{"start":{"line":32,"column":12},"end":{"line":32,"column":35}},"19":{"start":{"line":33,"column":12},"end":{"line":35,"column":13}},"20":{"start":{"line":34,"column":16},"end":{"line":34,"column":39}},"21":{"start":{"line":36,"column":12},"end":{"line":36,"column":23}},"22":{"start":{"line":41,"column":0},"end":{"line":53,"column":1}},"23":{"start":{"line":42,"column":4},"end":{"line":42,"column":23}},"24":{"start":{"line":43,"column":4},"end":{"line":43,"column":24}},"25":{"start":{"line":44,"column":4},"end":{"line":44,"column":17}},"26":{"start":{"line":45,"column":4},"end":{"line":51,"column":5}},"27":{"start":{"line":46,"column":8},"end":{"line":46,"column":20}},"28":{"start":{"line":47,"column":8},"end":{"line":50,"column":9}},"29":{"start":{"line":48,"column":12},"end":{"line":48,"column":36}},"30":{"start":{"line":49,"column":12},"end":{"line":49,"column":16}},"31":{"start":{"line":52,"column":4},"end":{"line":52,"column":13}},"32":{"start":{"line":55,"column":0},"end":{"line":66,"column":1}},"33":{"start":{"line":56,"column":4},"end":{"line":56,"column":24}},"34":{"start":{"line":57,"column":4},"end":{"line":57,"column":17}},"35":{"start":{"line":58,"column":4},"end":{"line":64,"column":5}},"36":{"start":{"line":59,"column":8},"end":{"line":59,"column":20}},"37":{"start":{"line":60,"column":8},"end":{"line":63,"column":9}},"38":{"start":{"line":61,"column":12},"end":{"line":61,"column":36}},"39":{"start":{"line":62,"column":12},"end":{"line":62,"column":16}},"40":{"start":{"line":65,"column":4},"end":{"line":65,"column":13}},"41":{"start":{"line":68,"column":0},"end":{"line":79,"column":1}},"42":{"start":{"line":69,"column":4},"end":{"line":69,"column":24}},"43":{"start":{"line":70,"column":4},"end":{"line":70,"column":17}},"44":{"start":{"line":71,"column":4},"end":{"line":77,"column":5}},"45":{"start":{"line":72,"column":8},"end":{"line":72,"column":20}},"46":{"start":{"line":73,"column":8},"end":{"line":76,"column":9}},"47":{"start":{"line":74,"column":12},"end":{"line":74,"column":36}},"48":{"start":{"line":75,"column":12},"end":{"line":75,"column":16}},"49":{"start":{"line":78,"column":4},"end":{"line":78,"column":13}},"50":{"start":{"line":81,"column":0},"end":{"line":113,"column":1}},"51":{"start":{"line":82,"column":4},"end":{"line":82,"column":74}},"52":{"start":{"line":83,"column":4},"end":{"line":111,"column":5}},"53":{"start":{"line":84,"column":8},"end":{"line":84,"column":27}},"54":{"start":{"line":85,"column":8},"end":{"line":95,"column":9}},"55":{"start":{"line":86,"column":12},"end":{"line":86,"column":24}},"56":{"start":{"line":87,"column":12},"end":{"line":87,"column":19}},"57":{"start":{"line":88,"column":12},"end":{"line":88,"column":28}},"58":{"start":{"line":89,"column":12},"end":{"line":94,"column":13}},"59":{"start":{"line":90,"column":16},"end":{"line":93,"column":17}},"60":{"start":{"line":91,"column":20},"end":{"line":91,"column":37}},"61":{"start":{"line":92,"column":20},"end":{"line":92,"column":26}},"62":{"start":{"line":97,"column":8},"end":{"line":110,"column":9}},"63":{"start":{"line":98,"column":12},"end":{"line":98,"column":24}},"64":{"start":{"line":99,"column":12},"end":{"line":99,"column":19}},"65":{"start":{"line":100,"column":12},"end":{"line":100,"column":26}},"66":{"start":{"line":101,"column":12},"end":{"line":106,"column":13}},"67":{"start":{"line":102,"column":16},"end":{"line":105,"column":17}},"68":{"start":{"line":103,"column":20},"end":{"line":103,"column":33}},"69":{"start":{"line":104,"column":20},"end":{"line":104,"column":26}},"70":{"start":{"line":107,"column":12},"end":{"line":109,"column":13}},"71":{"start":{"line":108,"column":16},"end":{"line":108,"column":28}},"72":{"start":{"line":112,"column":4},"end":{"line":112,"column":15}},"73":{"start":{"line":115,"column":0},"end":{"line":123,"column":1}},"74":{"start":{"line":116,"column":4},"end":{"line":116,"column":17}},"75":{"start":{"line":117,"column":4},"end":{"line":121,"column":5}},"76":{"start":{"line":118,"column":8},"end":{"line":120,"column":9}},"77":{"start":{"line":119,"column":12},"end":{"line":119,"column":27}},"78":{"start":{"line":122,"column":4},"end":{"line":122,"column":15}},"79":{"start":{"line":126,"column":0},"end":{"line":128,"column":1}},"80":{"start":{"line":127,"column":4},"end":{"line":127,"column":37}},"81":{"start":{"line":130,"column":0},"end":{"line":148,"column":53}}},"branchMap":{"1":{"line":10,"type":"if","locations":[{"start":{"line":10,"column":4},"end":{"line":10,"column":4}},{"start":{"line":10,"column":4},"end":{"line":10,"column":4}}]},"2":{"line":24,"type":"if","locations":[{"start":{"line":24,"column":4},"end":{"line":24,"column":4}},{"start":{"line":24,"column":4},"end":{"line":24,"column":4}}]},"3":{"line":47,"type":"if","locations":[{"start":{"line":47,"column":8},"end":{"line":47,"column":8}},{"start":{"line":47,"column":8},"end":{"line":47,"column":8}}]},"4":{"line":60,"type":"if","locations":[{"start":{"line":60,"column":8},"end":{"line":60,"column":8}},{"start":{"line":60,"column":8},"end":{"line":60,"column":8}}]},"5":{"line":73,"type":"if","locations":[{"start":{"line":73,"column":8},"end":{"line":73,"column":8}},{"start":{"line":73,"column":8},"end":{"line":73,"column":8}}]},"6":{"line":83,"type":"if","locations":[{"start":{"line":83,"column":4},"end":{"line":83,"column":4}},{"start":{"line":83,"column":4},"end":{"line":83,"column":4}}]},"7":{"line":90,"type":"if","locations":[{"start":{"line":90,"column":16},"end":{"line":90,"column":16}},{"start":{"line":90,"column":16},"end":{"line":90,"column":16}}]},"8":{"line":102,"type":"if","locations":[{"start":{"line":102,"column":16},"end":{"line":102,"column":16}},{"start":{"line":102,"column":16},"end":{"line":102,"column":16}}]},"9":{"line":107,"type":"if","locations":[{"start":{"line":107,"column":12},"end":{"line":107,"column":12}},{"start":{"line":107,"column":12},"end":{"line":107,"column":12}}]},"10":{"line":118,"type":"if","locations":[{"start":{"line":118,"column":8},"end":{"line":118,"column":8}},{"start":{"line":118,"column":8},"end":{"line":118,"column":8}}]}},"code":["var arr = require(\"array-extended\"),","    unique = arr.unique,","    indexOf = arr.indexOf,","    map = arr.map,","    pSlice = Array.prototype.slice,","    pSplice = Array.prototype.splice;","","function plucked(prop) {","    var exec = prop.match(/(\\w+)\\(\\)$/);","    if (exec) {","        prop = exec[1];","        return function (item) {","            return item[prop]();","        };","    } else {","        return function (item) {","            return item[prop];","        };","    }","}","","function plucker(prop) {","    prop = prop.split(\".\");","    if (prop.length === 1) {","        return plucked(prop[0]);","    } else {","        var pluckers = map(prop, function (prop) {","            return plucked(prop);","        });","        var l = pluckers.length;","        return function (item) {","            var i = -1, res = item;","            while (++i < l) {","                res = pluckers[i](res);","            }","            return res;","        };","    }","}","","function intersection(a, b) {","    a = pSlice.call(a);","    var aOne, i = -1, l;","    l = a.length;","    while (++i < l) {","        aOne = a[i];","        if (indexOf(b, aOne) === -1) {","            pSplice.call(a, i--, 1);","            l--;","        }","    }","    return a;","}","","function inPlaceIntersection(a, b) {","    var aOne, i = -1, l;","    l = a.length;","    while (++i < l) {","        aOne = a[i];","        if (indexOf(b, aOne) === -1) {","            pSplice.call(a, i--, 1);","            l--;","        }","    }","    return a;","}","","function inPlaceDifference(a, b) {","    var aOne, i = -1, l;","    l = a.length;","    while (++i < l) {","        aOne = a[i];","        if (indexOf(b, aOne) !== -1) {","            pSplice.call(a, i--, 1);","            l--;","        }","    }","    return a;","}","","function diffArr(arr1, arr2) {","    var ret = [], i = -1, j, l2 = arr2.length, l1 = arr1.length, a, found;","    if (l2 > l1) {","        ret = arr1.slice();","        while (++i < l2) {","            a = arr2[i];","            j = -1;","            l1 = ret.length;","            while (++j < l1) {","                if (ret[j] === a) {","                    ret.splice(j, 1);","                    break;","                }","            }","        }","    } else {","        while (++i < l1) {","            a = arr1[i];","            j = -1;","            found = false;","            while (++j < l2) {","                if (arr2[j] === a) {","                    found = true;","                    break;","                }","            }","            if (!found) {","                ret.push(a);","            }","        }","    }","    return ret;","}","","function diffHash(h1, h2) {","    var ret = {};","    for (var i in h1) {","        if (!hasOwnProperty.call(h2, i)) {","            ret[i] = h1[i];","        }","    }","    return ret;","}","","","function union(arr1, arr2) {","    return unique(arr1.concat(arr2));","}","","module.exports = require(\"extended\")()","    .register(require(\"date-extended\"))","    .register(arr)","    .register(require(\"object-extended\"))","    .register(require(\"string-extended\"))","    .register(require(\"promise-extended\"))","    .register(require(\"function-extended\"))","    .register(require(\"is-extended\"))","    .register(\"intersection\", intersection)","    .register(\"inPlaceIntersection\", inPlaceIntersection)","    .register(\"inPlaceDifference\", inPlaceDifference)","    .register(\"diffArr\", diffArr)","    .register(\"diffHash\", diffHash)","    .register(\"unionArr\", union)","    .register(\"plucker\", plucker)","    .register(\"HashTable\", require(\"ht\"))","    .register(\"declare\", require(\"declare.js\"))","    .register(require(\"leafy\"))","    .register(\"LinkedList\", require(\"./linkedList\"));","",""],"l":{"1":1,"8":1,"9":0,"10":0,"11":0,"12":0,"13":0,"16":0,"17":0,"22":1,"23":0,"24":0,"25":0,"27":0,"28":0,"30":0,"31":0,"32":0,"33":0,"34":0,"36":0,"41":1,"42":0,"43":0,"44":0,"45":0,"46":0,"47":0,"48":0,"49":0,"52":0,"55":1,"56":0,"57":0,"58":0,"59":0,"60":0,"61":0,"62":0,"65":0,"68":1,"69":0,"70":0,"71":0,"72":0,"73":0,"74":0,"75":0,"78":0,"81":1,"82":0,"83":0,"84":0,"85":0,"86":0,"87":0,"88":0,"89":0,"90":0,"91":0,"92":0,"97":0,"98":0,"99":0,"100":0,"101":0,"102":0,"103":0,"104":0,"107":0,"108":0,"112":0,"115":1,"116":0,"117":0,"118":0,"119":0,"122":0,"126":1,"127":0,"130":1}},"/home/travis/build/npmtest/node-npmtest-nools/node_modules/nools/lib/linkedList.js":{"path":"/home/travis/build/npmtest/node-npmtest-nools/node_modules/nools/lib/linkedList.js","s":{"1":1,"2":1,"3":0,"4":0,"5":0,"6":0,"7":0,"8":0,"9":0,"10":0,"11":0,"12":0,"13":0,"14":0,"15":0,"16":0,"17":0,"18":0,"19":0,"20":0,"21":0,"22":0,"23":0,"24":0,"25":0,"26":0,"27":0,"28":0,"29":0,"30":0,"31":0,"32":0,"33":0,"34":0,"35":0,"36":0,"37":0,"38":0},"b":{"1":[0,0],"2":[0,0],"3":[0,0],"4":[0,0],"5":[0,0],"6":[0,0]},"f":{"1":0,"2":0,"3":0,"4":0,"5":0,"6":0,"7":0,"8":0},"fnMap":{"1":{"name":"(anonymous_1)","line":5,"loc":{"start":{"line":5,"column":21},"end":{"line":5,"column":33}}},"2":{"name":"(anonymous_2)","line":11,"loc":{"start":{"line":11,"column":14},"end":{"line":11,"column":30}}},"3":{"name":"(anonymous_3)","line":24,"loc":{"start":{"line":24,"column":16},"end":{"line":24,"column":32}}},"4":{"name":"(anonymous_4)","line":39,"loc":{"start":{"line":39,"column":17},"end":{"line":39,"column":31}}},"5":{"name":"(anonymous_5)","line":46,"loc":{"start":{"line":46,"column":17},"end":{"line":46,"column":29}}},"6":{"name":"(anonymous_6)","line":54,"loc":{"start":{"line":54,"column":22},"end":{"line":54,"column":38}}},"7":{"name":"(anonymous_7)","line":64,"loc":{"start":{"line":64,"column":19},"end":{"line":64,"column":35}}},"8":{"name":"(anonymous_8)","line":73,"loc":{"start":{"line":73,"column":15},"end":{"line":73,"column":27}}}},"statementMap":{"1":{"start":{"line":1,"column":0},"end":{"line":1,"column":36}},"2":{"start":{"line":2,"column":0},"end":{"line":80,"column":14}},"3":{"start":{"line":6,"column":12},"end":{"line":6,"column":29}},"4":{"start":{"line":7,"column":12},"end":{"line":7,"column":29}},"5":{"start":{"line":8,"column":12},"end":{"line":8,"column":31}},"6":{"start":{"line":12,"column":12},"end":{"line":12,"column":96}},"7":{"start":{"line":13,"column":12},"end":{"line":15,"column":13}},"8":{"start":{"line":14,"column":16},"end":{"line":14,"column":38}},"9":{"start":{"line":16,"column":12},"end":{"line":16,"column":29}},"10":{"start":{"line":17,"column":12},"end":{"line":19,"column":13}},"11":{"start":{"line":18,"column":16},"end":{"line":18,"column":33}},"12":{"start":{"line":20,"column":12},"end":{"line":20,"column":26}},"13":{"start":{"line":21,"column":12},"end":{"line":21,"column":24}},"14":{"start":{"line":25,"column":12},"end":{"line":29,"column":13}},"15":{"start":{"line":26,"column":16},"end":{"line":26,"column":43}},"16":{"start":{"line":28,"column":16},"end":{"line":28,"column":38}},"17":{"start":{"line":30,"column":12},"end":{"line":34,"column":13}},"18":{"start":{"line":31,"column":16},"end":{"line":31,"column":43}},"19":{"start":{"line":33,"column":16},"end":{"line":33,"column":38}},"20":{"start":{"line":36,"column":12},"end":{"line":36,"column":26}},"21":{"start":{"line":40,"column":12},"end":{"line":40,"column":41}},"22":{"start":{"line":41,"column":12},"end":{"line":43,"column":13}},"23":{"start":{"line":42,"column":16},"end":{"line":42,"column":30}},"24":{"start":{"line":47,"column":12},"end":{"line":47,"column":51}},"25":{"start":{"line":48,"column":12},"end":{"line":50,"column":13}},"26":{"start":{"line":49,"column":16},"end":{"line":49,"column":31}},"27":{"start":{"line":51,"column":12},"end":{"line":51,"column":23}},"28":{"start":{"line":55,"column":12},"end":{"line":55,"column":41}},"29":{"start":{"line":56,"column":12},"end":{"line":61,"column":13}},"30":{"start":{"line":57,"column":16},"end":{"line":60,"column":17}},"31":{"start":{"line":58,"column":20},"end":{"line":58,"column":38}},"32":{"start":{"line":59,"column":20},"end":{"line":59,"column":26}},"33":{"start":{"line":65,"column":12},"end":{"line":65,"column":41}},"34":{"start":{"line":66,"column":12},"end":{"line":70,"column":13}},"35":{"start":{"line":67,"column":16},"end":{"line":69,"column":17}},"36":{"start":{"line":68,"column":20},"end":{"line":68,"column":32}},"37":{"start":{"line":74,"column":12},"end":{"line":74,"column":41}},"38":{"start":{"line":75,"column":12},"end":{"line":75,"column":28}}},"branchMap":{"1":{"line":13,"type":"if","locations":[{"start":{"line":13,"column":12},"end":{"line":13,"column":12}},{"start":{"line":13,"column":12},"end":{"line":13,"column":12}}]},"2":{"line":17,"type":"if","locations":[{"start":{"line":17,"column":12},"end":{"line":17,"column":12}},{"start":{"line":17,"column":12},"end":{"line":17,"column":12}}]},"3":{"line":25,"type":"if","locations":[{"start":{"line":25,"column":12},"end":{"line":25,"column":12}},{"start":{"line":25,"column":12},"end":{"line":25,"column":12}}]},"4":{"line":30,"type":"if","locations":[{"start":{"line":30,"column":12},"end":{"line":30,"column":12}},{"start":{"line":30,"column":12},"end":{"line":30,"column":12}}]},"5":{"line":57,"type":"if","locations":[{"start":{"line":57,"column":16},"end":{"line":57,"column":16}},{"start":{"line":57,"column":16},"end":{"line":57,"column":16}}]},"6":{"line":67,"type":"if","locations":[{"start":{"line":67,"column":16},"end":{"line":67,"column":16}},{"start":{"line":67,"column":16},"end":{"line":67,"column":16}}]}},"code":["var declare = require(\"declare.js\");","declare({","","    instance: {","        constructor: function () {","            this.head = null;","            this.tail = null;","            this.length = null;","        },","","        push: function (data) {","            var tail = this.tail, head = this.head, node = {data: data, prev: tail, next: null};","            if (tail) {","                this.tail.next = node;","            }","            this.tail = node;","            if (!head) {","                this.head = node;","            }","            this.length++;","            return node;","        },","","        remove: function (node) {","            if (node.prev) {","                node.prev.next = node.next;","            } else {","                this.head = node.next;","            }","            if (node.next) {","                node.next.prev = node.prev;","            } else {","                this.tail = node.prev;","            }","            //node.data = node.prev = node.next = null;","            this.length--;","        },","","        forEach: function (cb) {","            var head = {next: this.head};","            while ((head = head.next)) {","                cb(head.data);","            }","        },","","        toArray: function () {","            var head = {next: this.head}, ret = [];","            while ((head = head.next)) {","                ret.push(head);","            }","            return ret;","        },","","        removeByData: function (data) {","            var head = {next: this.head};","            while ((head = head.next)) {","                if (head.data === data) {","                    this.remove(head);","                    break;","                }","            }","        },","","        getByData: function (data) {","            var head = {next: this.head};","            while ((head = head.next)) {","                if (head.data === data) {","                    return head;","                }","            }","        },","","        clear: function () {","            this.head = this.tail = null;","            this.length = 0;","        }","","    }","","}).as(module);",""],"l":{"1":1,"2":1,"6":0,"7":0,"8":0,"12":0,"13":0,"14":0,"16":0,"17":0,"18":0,"20":0,"21":0,"25":0,"26":0,"28":0,"30":0,"31":0,"33":0,"36":0,"40":0,"41":0,"42":0,"47":0,"48":0,"49":0,"51":0,"55":0,"56":0,"57":0,"58":0,"59":0,"65":0,"66":0,"67":0,"68":0,"74":0,"75":0}},"/home/travis/build/npmtest/node-npmtest-nools/node_modules/nools/lib/compile/index.js":{"path":"/home/travis/build/npmtest/node-npmtest-nools/node_modules/nools/lib/compile/index.js","s":{"1":1,"2":1,"3":0,"4":0,"5":0,"6":0,"7":0,"8":0,"9":0,"10":0,"11":0,"12":0,"13":0,"14":0,"15":0,"16":0,"17":0,"18":0,"19":0,"20":0,"21":0,"22":0,"23":1,"24":1,"25":0,"26":0,"27":0,"28":0,"29":0,"30":0,"31":0,"32":0,"33":0,"34":0,"35":0,"36":0,"37":0,"38":0,"39":0,"40":0,"41":0,"42":0,"43":1,"44":0,"45":0,"46":0,"47":0,"48":0,"49":0,"50":0,"51":0,"52":0,"53":0,"54":0,"55":0,"56":0,"57":0,"58":0,"59":0,"60":0,"61":1,"62":0,"63":0,"64":0,"65":0,"66":0,"67":0,"68":0,"69":0,"70":0,"71":0,"72":0,"73":0,"74":0,"75":0,"76":0,"77":1,"78":0,"79":1,"80":0,"81":0,"82":0,"83":0,"84":0,"85":0,"86":0,"87":0,"88":0,"89":0,"90":0,"91":0,"92":0,"93":0,"94":0,"95":0,"96":0,"97":0,"98":0,"99":0,"100":0,"101":0,"102":0,"103":0,"104":0,"105":0,"106":0,"107":0,"108":0,"109":0,"110":1},"b":{"1":[0,0],"2":[0,0],"3":[0,0],"4":[0,0],"5":[0,0],"6":[0,0],"7":[0,0],"8":[0,0],"9":[0,0],"10":[0,0],"11":[0,0],"12":[0,0],
[...]
":{"line":99,"column":12}}]},"10":{"line":107,"type":"binary-expr","locations":[{"start":{"line":107,"column":19},"end":{"line":107,"column":52}},{"start":{"line":107,"column":56},"end":{"line":107,"column":98}}]},"11":{"line":110,"type":"if","locations":[{"start":{"line":110,"column":12},"end":{"line":110,"column":12}},{"start":{"line":110,"column":12},"end":{"line":110,"column":12}}]},"12":{"line":114,"type":"if","locations":[{"start":{"line":114,"column":16},"end":{"line":114,"column":16}},{"start":{"line":114,"column":16},"end":{"line":114,"column":16}}]},"13":{"line":157,"type":"if","locations":[{"start":{"line":157,"column":12},"end":{"line":157,"column":12}},{"start":{"line":157,"column":12},"end":{"line":157,"column":12}}]},"14":{"line":167,"type":"if","locations":[{"start":{"line":167,"column":12},"end":{"line":167,"column":12}},{"start":{"line":167,"column":12},"end":{"line":167,"column":12}}]},"15":{"line":180,"type":"if","locations":[{"start":{"line":180,"column":16},"end":{"line":180,"column":16}},{"start":{"line":180,"column":16},"end":{"line":180,"column":16}}]}},"code":["\"use strict\";","var extd = require(\"./extended\"),","    declare = extd.declare,","    AVLTree = extd.AVLTree,","    LinkedList = extd.LinkedList,","    isPromise = extd.isPromiseLike,","    EventEmitter = require(\"events\").EventEmitter;","","","var FactHash = declare({","    instance: {","        constructor: function () {","            this.memory = {};","            this.memoryValues = new LinkedList();","        },","","        clear: function () {","            this.memoryValues.clear();","            this.memory = {};","        },","","","        remove: function (v) {","            var hashCode = v.hashCode,","                memory = this.memory,","                ret = memory[hashCode];","            if (ret) {","                this.memoryValues.remove(ret);","                delete memory[hashCode];","            }","            return ret;","        },","","        insert: function (insert) {","            var hashCode = insert.hashCode;","            if (hashCode in this.memory) {","                throw new Error(\"Activation already in agenda \" + insert.rule.name + \" agenda\");","            }","            this.memoryValues.push((this.memory[hashCode] = insert));","        }","    }","});","","","var DEFAULT_AGENDA_GROUP = \"main\";","module.exports = declare(EventEmitter, {","","    instance: {","        constructor: function (flow, conflictResolution) {","            this.agendaGroups = {};","            this.agendaGroupStack = [DEFAULT_AGENDA_GROUP];","            this.rules = {};","            this.flow = flow;","            this.comparator = conflictResolution;","            this.setFocus(DEFAULT_AGENDA_GROUP).addAgendaGroup(DEFAULT_AGENDA_GROUP);","        },","","        addAgendaGroup: function (groupName) {","            if (!extd.has(this.agendaGroups, groupName)) {","                this.agendaGroups[groupName] = new AVLTree({compare: this.comparator});","            }","        },","","        getAgendaGroup: function (groupName) {","            return this.agendaGroups[groupName || DEFAULT_AGENDA_GROUP];","        },","","        setFocus: function (agendaGroup) {","            if (agendaGroup !== this.getFocused() && this.agendaGroups[agendaGroup]) {","                this.agendaGroupStack.push(agendaGroup);","                this.emit(\"focused\", agendaGroup);","            }","            return this;","        },","","        getFocused: function () {","            var ags = this.agendaGroupStack;","            return ags[ags.length - 1];","        },","","        getFocusedAgenda: function () {","            return this.agendaGroups[this.getFocused()];","        },","","        register: function (node) {","            var agendaGroup = node.rule.agendaGroup;","            this.rules[node.name] = {tree: new AVLTree({compare: this.comparator}), factTable: new FactHash()};","            if (agendaGroup) {","                this.addAgendaGroup(agendaGroup);","            }","        },","","        isEmpty: function () {","            var agendaGroupStack = this.agendaGroupStack, changed = false;","            while (this.getFocusedAgenda().isEmpty() && this.getFocused() !== DEFAULT_AGENDA_GROUP) {","                agendaGroupStack.pop();","                changed = true;","            }","            if (changed) {","                this.emit(\"focused\", this.getFocused());","            }","            return this.getFocusedAgenda().isEmpty();","        },","","        fireNext: function () {","            var agendaGroupStack = this.agendaGroupStack, ret = false;","            while (this.getFocusedAgenda().isEmpty() && this.getFocused() !== DEFAULT_AGENDA_GROUP) {","                agendaGroupStack.pop();","            }","            if (!this.getFocusedAgenda().isEmpty()) {","                var activation = this.pop();","                this.emit(\"fire\", activation.rule.name, activation.match.factHash);","                var fired = activation.rule.fire(this.flow, activation.match);","                if (isPromise(fired)) {","                    ret = fired.then(function () {","                        //return true if an activation fired","                        return true;","                    });","                } else {","                    ret = true;","                }","            }","            //return false if activation not fired","            return ret;","        },","","        pop: function () {","            var tree = this.getFocusedAgenda(), root = tree.__root;","            while (root.right) {","                root = root.right;","            }","            var v = root.data;","            tree.remove(v);","            var rule = this.rules[v.name];","            rule.tree.remove(v);","            rule.factTable.remove(v);","            return v;","        },","","        peek: function () {","            var tree = this.getFocusedAgenda(), root = tree.__root;","            while (root.right) {","                root = root.right;","            }","            return root.data;","        },","","        modify: function (node, context) {","            this.retract(node, context);","            this.insert(node, context);","        },","","        retract: function (node, retract) {","            var rule = this.rules[node.name];","            retract.rule = node;","            var activation = rule.factTable.remove(retract);","            if (activation) {","                this.getAgendaGroup(node.rule.agendaGroup).remove(activation);","                rule.tree.remove(activation);","            }","        },","","        insert: function (node, insert) {","            var rule = this.rules[node.name], nodeRule = node.rule, agendaGroup = nodeRule.agendaGroup;","            rule.tree.insert(insert);","            this.getAgendaGroup(agendaGroup).insert(insert);","            if (nodeRule.autoFocus) {","                this.setFocus(agendaGroup);","            }","","            rule.factTable.insert(insert);","        },","","        dispose: function () {","            for (var i in this.agendaGroups) {","                this.agendaGroups[i].clear();","            }","            var rules = this.rules;","            for (i in rules) {","                if (i in rules) {","                    rules[i].tree.clear();","                    rules[i].factTable.clear();","","                }","            }","            this.rules = {};","        }","    }","","});"],"l":{"2":1,"10":1,"13":0,"14":0,"18":0,"19":0,"24":0,"27":0,"28":0,"29":0,"31":0,"35":0,"36":0,"37":0,"39":0,"45":1,"46":1,"50":0,"51":0,"52":0,"53":0,"54":0,"55":0,"59":0,"60":0,"65":0,"69":0,"70":0,"71":0,"73":0,"77":0,"78":0,"82":0,"86":0,"87":0,"88":0,"89":0,"94":0,"95":0,"96":0,"97":0,"99":0,"100":0,"102":0,"106":0,"107":0,"108":0,"110":0,"111":0,"112":0,"113":0,"114":0,"115":0,"117":0,"120":0,"124":0,"128":0,"129":0,"130":0,"132":0,"133":0,"134":0,"135":0,"136":0,"137":0,"141":0,"142":0,"143":0,"145":0,"149":0,"150":0,"154":0,"155":0,"156":0,"157":0,"158":0,"159":0,"164":0,"165":0,"166":0,"167":0,"168":0,"171":0,"175":0,"176":0,"178":0,"179":0,"180":0,"181":0,"182":0,"186":0}},"/home/travis/build/npmtest/node-npmtest-nools/node_modules/nools/Gruntfile.js":{"path":"/home/travis/build/npmtest/node-npmtest-nools/node_modules/nools/Gruntfile.js","s":{"1":1,"2":0,"3":0,"4":0,"5":0,"6":0,"7":0,"8":0,"9":0,"10":0,"11":0,"12":1,"13":0,"14":0,"15":0,"16":0,"17":0,"18":0,"19":0,"20":0,"21":0,"22":0,"23":0,"24":0,"25":0,"26":0,"27":0,"28":0,"29":0,"30":0},"b":{"1":[0,0],"2":[0,0],"3":[0,0],"4":[0,0]},"f":{"1":0,"2":0,"3":0,"4":0,"5":0,"6":0,"7":0,"8":0},"fnMap":{"1":{"name":"(anonymous_1)","line":2,"loc":{"start":{"line":2,"column":17},"end":{"line":2,"column":34}}},"2":{"name":"(anonymous_2)","line":81,"loc":{"start":{"line":81,"column":68},"end":{"line":81,"column":80}}},"3":{"name":"counter","line":84,"loc":{"start":{"line":84,"column":8},"end":{"line":84,"column":30}}},"4":{"name":"(anonymous_4)","line":95,"loc":{"start":{"line":95,"column":22},"end":{"line":95,"column":38}}},"5":{"name":"(anonymous_5)","line":98,"loc":{"start":{"line":98,"column":124},"end":{"line":98,"column":147}}},"6":{"name":"(anonymous_6)","line":107,"loc":{"start":{"line":107,"column":37},"end":{"line":107,"column":49}}},"7":{"name":"(anonymous_7)","line":111,"loc":{"start":{"line":111,"column":87},"end":{"line":111,"column":99}}},"8":{"name":"(anonymous_8)","line":113,"loc":{"start":{"line":113,"column":41},"end":{"line":113,"column":56}}}},"statementMap":{"1":{"start":{"line":2,"column":0},"end":{"line":121,"column":2}},"2":{"start":{"line":4,"column":4},"end":{"line":5,"column":41}},"3":{"start":{"line":6,"column":4},"end":{"line":71,"column":7}},"4":{"start":{"line":74,"column":4},"end":{"line":74,"column":111}},"5":{"start":{"line":75,"column":4},"end":{"line":75,"column":35}},"6":{"start":{"line":76,"column":4},"end":{"line":76,"column":47}},"7":{"start":{"line":77,"column":4},"end":{"line":77,"column":47}},"8":{"start":{"line":78,"column":4},"end":{"line":78,"column":43}},"9":{"start":{"line":79,"column":4},"end":{"line":79,"column":37}},"10":{"start":{"line":81,"column":4},"end":{"line":105,"column":7}},"11":{"start":{"line":82,"column":8},"end":{"line":82,"column":105}},"12":{"start":{"line":84,"column":8},"end":{"line":93,"column":9}},"13":{"start":{"line":85,"column":12},"end":{"line":92,"column":13}},"14":{"start":{"line":86,"column":16},"end":{"line":86,"column":26}},"15":{"start":{"line":88,"column":16},"end":{"line":88,"column":24}},"16":{"start":{"line":89,"column":16},"end":{"line":91,"column":17}},"17":{"start":{"line":90,"column":20},"end":{"line":90,"column":27}},"18":{"start":{"line":95,"column":8},"end":{"line":104,"column":11}},"19":{"start":{"line":96,"column":12},"end":{"line":97,"column":78}},"20":{"start":{"line":98,"column":12},"end":{"line":103,"column":15}},"21":{"start":{"line":99,"column":16},"end":{"line":101,"column":17}},"22":{"start":{"line":100,"column":20},"end":{"line":100,"column":61}},"23":{"start":{"line":102,"column":16},"end":{"line":102,"column":29}},"24":{"start":{"line":107,"column":4},"end":{"line":109,"column":7}},"25":{"start":{"line":111,"column":4},"end":{"line":120,"column":7}},"26":{"start":{"line":112,"column":8},"end":{"line":112,"column":32}},"27":{"start":{"line":113,"column":8},"end":{"line":119,"column":11}},"28":{"start":{"line":114,"column":12},"end":{"line":118,"column":13}},"29":{"start":{"line":115,"column":16},"end":{"line":115,"column":28}},"30":{"start":{"line":117,"column":16},"end":{"line":117,"column":23}}},"branchMap":{"1":{"line":85,"type":"if","locations":[{"start":{"line":85,"column":12},"end":{"line":85,"column":12}},{"start":{"line":85,"column":12},"end":{"line":85,"column":12}}]},"2":{"line":89,"type":"if","locations":[{"start":{"line":89,"column":16},"end":{"line":89,"column":16}},{"start":{"line":89,"column":16},"end":{"line":89,"column":16}}]},"3":{"line":99,"type":"if","locations":[{"start":{"line":99,"column":16},"end":{"line":99,"column":16}},{"start":{"line":99,"column":16},"end":{"line":99,"column":16}}]},"4":{"line":114,"type":"if","locations":[{"start":{"line":114,"column":12},"end":{"line":114,"column":12}},{"start":{"line":114,"column":12},"end":{"line":114,"column":12}}]}},"code":["/*global module:false*/","module.exports = function (grunt) {","    // Project configuration.","    var path = require(\"path\"),","        child = require(\"child_process\");","    grunt.initConfig({","        pkg: grunt.file.readJSON('package.json'),","","        exec: {","            removeDocs: \"rm -rf docs/* && mkdir -p ./docs/examples/browser && cp -r ./examples/browser ./docs/examples && cp ./nools.min.js ./docs/nools.js\",","            createDocs: 'node_modules/coddoc/bin/coddoc -f multi-html -d ./lib --dir ./docs'","        },","","        jshint: {","            src: [\"./index.js\", \"lib/**/*.js\", \"Gruntfile.js\"],","            options: {","                jshintrc: '.jshintrc',","                ignores: [\"./lib/parser/constraint/parser.js\"]","            }","        },","        it: {","            all: {","                src: 'test/**/*.test.js',","                options: {","                    timeout: 3000, // not fully supported yet","                    reporter: 'dotmatrix'","                }","            }","        },","        watch: {","            files: '<config:lint.files>',","            tasks: 'lint it'","        },","        uglify: {","            options: {","                banner: '/*! <%= pkg.name %> - v<%= pkg.version %> - ' +","                    '<%= grunt.template.today(\"yyyy-mm-dd\") %>\\n' +","                    '<%= pkg.homepage ? \"* \" + pkg.homepage + \"\\\\n\" : \"\" %>' +","                    '* Copyright (c) <%= grunt.template.today(\"yyyy\") %> <%= pkg.author %>;' +","                    ' Licensed <%= pkg.license %> */\\n',","                report: 'min'","            },","            min: {","                files: {","                    '<%= pkg.name %>.min.js': ['nools.js']","                }","            }","        },","","        browserify: {","            'nools': {","                src: ['./browser/nools.js'],","                dest: './nools.js'","            }","        },","","        benchmark: {","            manners: {","                files: \"./benchmark/manners/benchmark.js\"","            },","            sendMoreMoney: {","                files: \"./benchmark/sendMoreMoney/benchmark.js\"","            },","            simple: {","                files: \"./benchmark/simple/benchmark.js\"","            },","            waltzDb: {","                files: \"./benchmark/waltzDb/benchmark.js\"","            }","        }","    });","","    // Default task.","    grunt.registerTask('default', ['jshint', \"compile-tests\", 'it', 'browserify:nools', 'uglify:min', 'exec']);","    grunt.loadNpmTasks('grunt-it');","    grunt.loadNpmTasks('grunt-contrib-jshint');","    grunt.loadNpmTasks('grunt-contrib-uglify');","    grunt.loadNpmTasks('grunt-browserify');","    grunt.loadNpmTasks('grunt-exec');","","    grunt.registerTask(\"compile-tests\", \"compiles all nools files\", function () {","        var files = grunt.file.expand(\"./test/rules/*.nools\"), count = files.length, done = this.async();","","        function counter(err) {","            if (err) {","                done(err);","            } else {","                count--;","                if (!count) {","                    done();","                }","            }","        }","","        files.forEach(function (file) {","            var base = path.basename(file, \".nools\"),","                out = path.resolve(path.dirname(file), base + \"-compiled.js\");","            child.exec(path.resolve(__dirname, \"./bin/nools\") + \" compile \" + file + \" -l ../../ -n \" + base + \"-compiled\", function (err, output) {","                if (!err) {","                    grunt.file.write(out, output.toString());","                }","                counter(err);","            });","        });","    });","","    grunt.registerTask(\"benchmarks\", function () {","","    });","","    grunt.registerMultiTask('benchmark', 'execute it unit tests in a spawned process', function () {","        var done = this.async();","        require(this.data.files).classic(function (err) {","            if (err) {","                done(false);","            } else {","                done();","            }","        });","    });","};",""],"l":{"2":1,"4":0,"6":0,"74":0,"75":0,"76":0,"77":0,"78":0,"79":0,"81":0,"82":0,"84":1,"85":0,"86":0,"88":0,"89":0,"90":0,"95":0,"96":0,"98":0,"99":0,"100":0,"102":0,"107":0,"111":0,"112":0,"113":0,"114":0,"115":0,"117":0}},"/home/travis/build/npmtest/node-npmtest-nools/node_modules/nools/browser/nools.js":{"path":"/home/travis/build/npmtest/node-npmtest-nools/node_modules/nools/browser/nools.js","s":{"1":1,"2":1,"3":1,"4":0,"5":0,"6":0,"7":1,"8":0,"9":0,"10":1},"b":{"1":[0,1],"2":[0,0],"3":[0,1],"4":[1,0],"5":[0,1]},"f":{"1":1,"2":0,"3":0,"4":0},"fnMap":{"1":{"name":"(anonymous_1)","line":1,"loc":{"start":{"line":1,"column":1},"end":{"line":1,"column":13}}},"2":{"name":"(anonymous_2)","line":7,"loc":{"start":{"line":7,"column":14},"end":{"line":7,"column":32}}},"3":{"name":"(anonymous_3)","line":10,"loc":{"start":{"line":10,"column":14},"end":{"line":10,"column":32}}},"4":{"name":"(anonymous_4)","line":17,"loc":{"start":{"line":17,"column":19},"end":{"line":17,"column":31}}}},"statementMap":{"1":{"start":{"line":1,"column":0},"end":{"line":23,"column":55}},"2":{"start":{"line":3,"column":4},"end":{"line":3,"column":31}},"3":{"start":{"line":5,"column":4},"end":{"line":14,"column":5}},"4":{"start":{"line":6,"column":8},"end":{"line":13,"column":10}},"5":{"start":{"line":8,"column":12},"end":{"line":8,"column":36}},"6":{"start":{"line":12,"column":12},"end":{"line":12,"column":48}},"7":{"start":{"line":16,"column":4},"end":{"line":22,"column":5}},"8":{"start":{"line":17,"column":8},"end":{"line":19,"column":11}},"9":{"start":{"line":18,"column":12},"end":{"line":18,"column":25}},"10":{"start":{"line":21,"column":8},"end":{"line":21,"column":27}}},"branchMap":{"1":{"line":5,"type":"if","locations":[{"start":{"line":5,"column":4},"end":{"line":5,"column":4}},{"start":{"line":5,"column":4},"end":{"line":5,"column":4}}]},"2":{"line":6,"type":"cond-expr","locations":[{"start":{"line":7,"column":14},"end":{"line":9,"column":9}},{"start":{"line":10,"column":14},"end":{"line":13,"column":9}}]},"3":{"line":16,"type":"if","locations":[{"start":{"line":16,"column":4},"end":{"line":16,"column":4}},{"start":{"line":16,"column":4},"end":{"line":16,"column":4}}]},"4":{"line":16,"type":"binary-expr","locations":[{"start":{"line":16,"column":8},"end":{"line":16,"column":41}},{"start":{"line":16,"column":45},"end":{"line":16,"column":60}}]},"5":{"line":23,"type":"cond-expr","locations":[{"start":{"line":23,"column":40},"end":{"line":23,"column":46}},{"start":{"line":23,"column":49},"end":{"line":23,"column":53}}]}},"code":["(function () {","    \"use strict\";","    var nools = require(\"../\");","","    if (typeof Object.getPrototypeOf !== \"function\") {","        Object.getPrototypeOf = \"\".__proto__ === String.prototype","            ? function (object) {","            return object.__proto__;","        }","            : function (object) {","            // May break if the constructor has been tampered with","            return object.constructor.prototype;","        };","    }","","    if (\"function\" === typeof this.define && this.define.amd) {","        define([], function () {","            return nools;","        });","    } else {","        this.nools = nools;","    }","}).call(typeof window !== \"undefined\" ? window : this);",""],"l":{"1":1,"3":1,"5":1,"6":0,"8":0,"12":0,"16":1,"17":0,"18":0,"21":1}}}